[2025-11-24 10:30:58] [INFO] [Logging.py] [__new__:115] [Name=MainThread] Logger initialized: Regilazi
[2025-11-24 10:30:58] [INFO] [Logging.py] [__new__:116] [Name=MainThread] Log file: logs\Regilazi_2025-11-24.log
[2025-11-24 10:30:58] [INFO] [Logging.py] [__new__:117] [Name=MainThread] ==========
[2025-11-24 10:30:58] [INFO] [main.py] [main:17] [Name=MainThread] ======================================================================
[2025-11-24 10:30:58] [INFO] [main.py] [main:18] [Name=MainThread] Khởi động ứng dụng Regilazi Laser Marking System...
[2025-11-24 10:30:58] [INFO] [main.py] [main:19] [Name=MainThread] ======================================================================
[2025-11-24 10:30:58] [INFO] [main.py] [main:22] [Name=MainThread] QApplication initialized
[2025-11-24 10:30:58] [INFO] [main.py] [main:26] [Name=MainThread] MainWindow created
[2025-11-24 10:30:58] [INFO] [main_presenter.py] [__init__:25] [Name=MainThread] MainPresenter.__init__ started
[2025-11-24 10:30:58] [INFO] [main_presenter.py] [__init__:30] [Name=MainThread] Initializing sub-presenters...
[2025-11-24 10:30:58] [INFO] [main_presenter.py] [__init__:37] [Name=MainThread] Signals connected
[2025-11-24 10:30:58] [INFO] [main_presenter.py] [__init__:42] [Name=MainThread] MainPresenter initialized successfully
[2025-11-24 10:30:58] [INFO] [main.py] [main:30] [Name=MainThread] MainPresenter initialized
[2025-11-24 10:30:58] [INFO] [main_presenter.py] [initialize:102] [Name=MainThread] MainPresenter.initialize() called
[2025-11-24 10:30:58] [INFO] [main_presenter.py] [initialize:104] [Name=MainThread] System initialization completed
[2025-11-24 10:30:58] [INFO] [main.py] [main:37] [Name=MainThread] Application window shown - Ready for user interaction
[2025-11-24 10:30:58] [INFO] [main.py] [main:43] [Name=MainThread] Application event loop starting...
[2025-11-24 10:31:07] [INFO] [sfis_presenter.py] [connect:74] [Name=MainThread] Đang kết nối SFIS qua COM2...
[2025-11-24 10:31:07] [INFO] [sfis_presenter.py] [connect:81] [Name=MainThread] Kết nối SFIS thành công: COM2
[2025-11-24 10:31:07] [INFO] [sfis_presenter.py] [disconnect:90] [Name=MainThread] Đang ngắt kết nối SFIS...
[2025-11-24 10:31:07] [INFO] [sfis_presenter.py] [disconnect:95] [Name=MainThread] Ngắt kết nối SFIS thành công
[2025-11-24 10:31:08] [INFO] [sfis_presenter.py] [connect:74] [Name=MainThread] Đang kết nối SFIS qua COM2...
[2025-11-24 10:31:08] [INFO] [sfis_presenter.py] [connect:81] [Name=MainThread] Kết nối SFIS thành công: COM2
[2025-11-24 10:31:08] [INFO] [sfis_presenter.py] [disconnect:90] [Name=MainThread] Đang ngắt kết nối SFIS...
[2025-11-24 10:31:08] [INFO] [sfis_presenter.py] [disconnect:95] [Name=MainThread] Ngắt kết nối SFIS thành công
[2025-11-24 10:31:08] [INFO] [sfis_presenter.py] [connect:74] [Name=MainThread] Đang kết nối SFIS qua COM2...
[2025-11-24 10:31:08] [INFO] [sfis_presenter.py] [connect:81] [Name=MainThread] Kết nối SFIS thành công: COM2
[2025-11-24 10:31:08] [INFO] [sfis_presenter.py] [disconnect:90] [Name=MainThread] Đang ngắt kết nối SFIS...
[2025-11-24 10:31:08] [INFO] [sfis_presenter.py] [disconnect:95] [Name=MainThread] Ngắt kết nối SFIS thành công
[2025-11-24 10:31:09] [INFO] [sfis_presenter.py] [connect:74] [Name=MainThread] Đang kết nối SFIS qua COM2...
[2025-11-24 10:31:09] [INFO] [sfis_presenter.py] [connect:81] [Name=MainThread] Kết nối SFIS thành công: COM2
[2025-11-24 10:31:09] [INFO] [sfis_presenter.py] [disconnect:90] [Name=MainThread] Đang ngắt kết nối SFIS...
[2025-11-24 10:31:09] [INFO] [sfis_presenter.py] [disconnect:95] [Name=MainThread] Ngắt kết nối SFIS thành công
[2025-11-24 10:31:09] [INFO] [main_presenter.py] [onStartClicked:132] [Name=MainThread] ======================================================================
[2025-11-24 10:31:09] [INFO] [main_presenter.py] [onStartClicked:133] [Name=MainThread] START button clicked - Beginning test process
[2025-11-24 10:31:09] [ERROR] [main_presenter.py] [onStartClicked:144] [Name=MainThread] Cannot start: SFIS not connected
[2025-11-24 10:31:11] [INFO] [main_presenter.py] [onStartClicked:132] [Name=MainThread] ======================================================================
[2025-11-24 10:31:11] [INFO] [main_presenter.py] [onStartClicked:133] [Name=MainThread] START button clicked - Beginning test process
[2025-11-24 10:31:11] [ERROR] [main_presenter.py] [onStartClicked:144] [Name=MainThread] Cannot start: SFIS not connected
[2025-11-24 10:31:11] [INFO] [main_presenter.py] [onStartClicked:132] [Name=MainThread] ======================================================================
[2025-11-24 10:31:11] [INFO] [main_presenter.py] [onStartClicked:133] [Name=MainThread] START button clicked - Beginning test process
[2025-11-24 10:31:11] [ERROR] [main_presenter.py] [onStartClicked:144] [Name=MainThread] Cannot start: SFIS not connected
[2025-11-24 10:31:11] [INFO] [main_presenter.py] [onStartClicked:132] [Name=MainThread] ======================================================================
[2025-11-24 10:31:11] [INFO] [main_presenter.py] [onStartClicked:133] [Name=MainThread] START button clicked - Beginning test process
[2025-11-24 10:31:11] [ERROR] [main_presenter.py] [onStartClicked:144] [Name=MainThread] Cannot start: SFIS not connected
[2025-11-24 10:31:14] [INFO] [main.py] [main:47] [Name=MainThread] Application closing...
[2025-11-24 10:31:14] [INFO] [main_presenter.py] [cleanup:287] [Name=MainThread] MainPresenter.cleanup() called
[2025-11-24 10:31:14] [INFO] [main_presenter.py] [cleanup:291] [Name=MainThread] Cleaning up sub-presenters...
[2025-11-24 10:31:14] [INFO] [main_presenter.py] [cleanup:296] [Name=MainThread] Sub-presenters cleaned up
[2025-11-24 10:31:14] [INFO] [main_presenter.py] [cleanup:299] [Name=MainThread] MainPresenter cleanup completed
[2025-11-24 10:31:14] [INFO] [main.py] [main:49] [Name=MainThread] Cleanup completed
[2025-11-24 10:31:14] [INFO] [main.py] [main:50] [Name=MainThread] ======================================================================
[2025-11-24 10:31:14] [INFO] [main.py] [main:51] [Name=MainThread] Application exited successfully
[2025-11-24 10:31:14] [INFO] [main.py] [main:52] [Name=MainThread] ======================================================================
[2025-11-24 10:35:21] [INFO] [Logging.py] [__new__:115] [Name=MainThread] Logger initialized: Regilazi
[2025-11-24 10:35:21] [INFO] [Logging.py] [__new__:116] [Name=MainThread] Log file: logs\Regilazi_2025-11-24.log
[2025-11-24 10:35:21] [INFO] [Logging.py] [__new__:117] [Name=MainThread] ==========
[2025-11-24 10:35:21] [INFO] [main.py] [main:17] [Name=MainThread] ======================================================================
[2025-11-24 10:35:21] [INFO] [main.py] [main:18] [Name=MainThread] Khởi động ứng dụng Regilazi Laser Marking System...
[2025-11-24 10:35:21] [INFO] [main.py] [main:19] [Name=MainThread] ======================================================================
[2025-11-24 10:35:21] [INFO] [main.py] [main:22] [Name=MainThread] QApplication initialized
[2025-11-24 10:35:21] [INFO] [main.py] [main:26] [Name=MainThread] MainWindow created
[2025-11-24 10:35:21] [INFO] [main_presenter.py] [__init__:25] [Name=MainThread] MainPresenter.__init__ started
[2025-11-24 10:35:21] [INFO] [main_presenter.py] [__init__:30] [Name=MainThread] Initializing sub-presenters...
[2025-11-24 10:35:21] [INFO] [main_presenter.py] [__init__:37] [Name=MainThread] Signals connected
[2025-11-24 10:35:21] [INFO] [main_presenter.py] [__init__:42] [Name=MainThread] MainPresenter initialized successfully
[2025-11-24 10:35:21] [INFO] [main.py] [main:30] [Name=MainThread] MainPresenter initialized
[2025-11-24 10:35:21] [INFO] [main_presenter.py] [initialize:102] [Name=MainThread] MainPresenter.initialize() called
[2025-11-24 10:35:21] [INFO] [main_presenter.py] [initialize:104] [Name=MainThread] System initialization completed
[2025-11-24 10:35:21] [INFO] [main.py] [main:37] [Name=MainThread] Application window shown - Ready for user interaction
[2025-11-24 10:35:21] [INFO] [main.py] [main:43] [Name=MainThread] Application event loop starting...
[2025-11-24 10:35:22] [INFO] [main_presenter.py] [onStartClicked:132] [Name=MainThread] ======================================================================
[2025-11-24 10:35:22] [INFO] [main_presenter.py] [onStartClicked:133] [Name=MainThread] START button clicked
[2025-11-24 10:35:22] [ERROR] [main_presenter.py] [onStartClicked:144] [Name=MainThread] SFIS not connected
[2025-11-24 10:35:24] [INFO] [sfis_presenter.py] [connect:74] [Name=MainThread] Đang kết nối SFIS qua COM2...
[2025-11-24 10:35:24] [INFO] [sfis_presenter.py] [connect:81] [Name=MainThread] Kết nối SFIS thành công: COM2
[2025-11-24 10:35:24] [INFO] [main_presenter.py] [onStartClicked:132] [Name=MainThread] ======================================================================
[2025-11-24 10:35:24] [INFO] [main_presenter.py] [onStartClicked:133] [Name=MainThread] START button clicked
[2025-11-24 10:35:24] [INFO] [main_presenter.py] [onStartClicked:154] [Name=MainThread] Input: MO='', ALL_PARTS='', PANEL=''
[2025-11-24 10:35:24] [INFO] [main_presenter.py] [onStartClicked:160] [Name=MainThread] Sending START signal...
[2025-11-24 10:35:24] [INFO] [sfis_presenter.py] [sendStartSignal:152] [Name=MainThread] ======================================================================
[2025-11-24 10:35:24] [INFO] [sfis_presenter.py] [sendStartSignal:153] [Name=MainThread] CHECK TÍN HIỆU TRƯỚC KHI GỬI:
[2025-11-24 10:35:24] [INFO] [sfis_presenter.py] [sendStartSignal:154] [Name=MainThread]   MO: '' (length: 0)
[2025-11-24 10:35:24] [INFO] [sfis_presenter.py] [sendStartSignal:155] [Name=MainThread]   ALL PARTS NO: '' (length: 0)
[2025-11-24 10:35:24] [INFO] [sfis_presenter.py] [sendStartSignal:156] [Name=MainThread]   PANEL NO: '' (length: 0)
[2025-11-24 10:35:24] [INFO] [sfis_presenter.py] [sendStartSignal:157] [Name=MainThread]   Message Length: 57 bytes (expected: 57)
[2025-11-24 10:35:24] [INFO] [sfis_presenter.py] [sendStartSignal:158] [Name=MainThread]   Message Content: '                                                    START'
[2025-11-24 10:35:24] [INFO] [sfis_presenter.py] [sendStartSignal:159] [Name=MainThread]   Message HEX: 202020202020202020202020202020202020202020202020202020202020202020202020202020202020202020202020202020205354415254
[2025-11-24 10:35:24] [INFO] [sfis_presenter.py] [sendStartSignal:160] [Name=MainThread] ======================================================================
[2025-11-24 10:35:24] [INFO] [sfis_presenter.py] [sendStartSignal:173] [Name=MainThread] Invoking worker to send START signal...
[2025-11-24 10:35:24] [INFO] [sfis_presenter.py] [sendStartSignal:185] [Name=MainThread] Worker invoked successfully
[2025-11-24 10:35:24] [INFO] [main_presenter.py] [onStartClicked:169] [Name=MainThread] START signal sent to worker
[2025-11-24 10:35:30] [INFO] [main_presenter.py] [onStartClicked:132] [Name=MainThread] ======================================================================
[2025-11-24 10:35:30] [INFO] [main_presenter.py] [onStartClicked:133] [Name=MainThread] START button clicked
[2025-11-24 10:35:30] [WARNING] [main_presenter.py] [onStartClicked:136] [Name=MainThread] System is already running
[2025-11-24 10:35:33] [INFO] [main_presenter.py] [onStartClicked:132] [Name=MainThread] ======================================================================
[2025-11-24 10:35:33] [INFO] [main_presenter.py] [onStartClicked:133] [Name=MainThread] START button clicked
[2025-11-24 10:35:33] [WARNING] [main_presenter.py] [onStartClicked:136] [Name=MainThread] System is already running
[2025-11-24 10:35:34] [INFO] [main_presenter.py] [onStartClicked:132] [Name=MainThread] ======================================================================
[2025-11-24 10:35:34] [INFO] [main_presenter.py] [onStartClicked:133] [Name=MainThread] START button clicked
[2025-11-24 10:35:34] [WARNING] [main_presenter.py] [onStartClicked:136] [Name=MainThread] System is already running
[2025-11-24 10:35:35] [INFO] [main_presenter.py] [onStartClicked:132] [Name=MainThread] ======================================================================
[2025-11-24 10:35:35] [INFO] [main_presenter.py] [onStartClicked:133] [Name=MainThread] START button clicked
[2025-11-24 10:35:35] [WARNING] [main_presenter.py] [onStartClicked:136] [Name=MainThread] System is already running
[2025-11-24 10:35:35] [INFO] [main_presenter.py] [onStartClicked:132] [Name=MainThread] ======================================================================
[2025-11-24 10:35:35] [INFO] [main_presenter.py] [onStartClicked:133] [Name=MainThread] START button clicked
[2025-11-24 10:35:35] [WARNING] [main_presenter.py] [onStartClicked:136] [Name=MainThread] System is already running
[2025-11-24 10:35:35] [INFO] [main_presenter.py] [onStartClicked:132] [Name=MainThread] ======================================================================
[2025-11-24 10:35:35] [INFO] [main_presenter.py] [onStartClicked:133] [Name=MainThread] START button clicked
[2025-11-24 10:35:35] [WARNING] [main_presenter.py] [onStartClicked:136] [Name=MainThread] System is already running
[2025-11-24 10:35:47] [INFO] [main_presenter.py] [onStartClicked:132] [Name=MainThread] ======================================================================
[2025-11-24 10:35:47] [INFO] [main_presenter.py] [onStartClicked:133] [Name=MainThread] START button clicked
[2025-11-24 10:35:47] [WARNING] [main_presenter.py] [onStartClicked:136] [Name=MainThread] System is already running
[2025-11-24 10:35:48] [INFO] [sfis_presenter.py] [disconnect:90] [Name=MainThread] Đang ngắt kết nối SFIS...
[2025-11-24 10:35:48] [INFO] [sfis_presenter.py] [disconnect:95] [Name=MainThread] Ngắt kết nối SFIS thành công
[2025-11-24 10:35:49] [INFO] [sfis_presenter.py] [connect:74] [Name=MainThread] Đang kết nối SFIS qua COM2...
[2025-11-24 10:35:49] [INFO] [sfis_presenter.py] [connect:81] [Name=MainThread] Kết nối SFIS thành công: COM2
[2025-11-24 10:35:50] [INFO] [main_presenter.py] [onStartClicked:132] [Name=MainThread] ======================================================================
[2025-11-24 10:35:50] [INFO] [main_presenter.py] [onStartClicked:133] [Name=MainThread] START button clicked
[2025-11-24 10:35:50] [WARNING] [main_presenter.py] [onStartClicked:136] [Name=MainThread] System is already running
[2025-11-24 10:35:54] [INFO] [main_presenter.py] [onStartClicked:132] [Name=MainThread] ======================================================================
[2025-11-24 10:35:54] [INFO] [main_presenter.py] [onStartClicked:133] [Name=MainThread] START button clicked
[2025-11-24 10:35:54] [WARNING] [main_presenter.py] [onStartClicked:136] [Name=MainThread] System is already running
[2025-11-24 10:35:54] [INFO] [main_presenter.py] [onStartClicked:132] [Name=MainThread] ======================================================================
[2025-11-24 10:35:54] [INFO] [main_presenter.py] [onStartClicked:133] [Name=MainThread] START button clicked
[2025-11-24 10:35:54] [WARNING] [main_presenter.py] [onStartClicked:136] [Name=MainThread] System is already running
[2025-11-24 10:35:55] [INFO] [main.py] [main:47] [Name=MainThread] Application closing...
[2025-11-24 10:35:55] [INFO] [main_presenter.py] [cleanup:271] [Name=MainThread] MainPresenter.cleanup() called
[2025-11-24 10:35:55] [INFO] [main_presenter.py] [cleanup:275] [Name=MainThread] Cleaning up sub-presenters...
[2025-11-24 10:35:55] [INFO] [main_presenter.py] [cleanup:280] [Name=MainThread] Sub-presenters cleaned up
[2025-11-24 10:35:55] [INFO] [main_presenter.py] [cleanup:283] [Name=MainThread] MainPresenter cleanup completed
[2025-11-24 10:35:55] [INFO] [main.py] [main:49] [Name=MainThread] Cleanup completed
[2025-11-24 10:35:55] [INFO] [main.py] [main:50] [Name=MainThread] ======================================================================
[2025-11-24 10:35:55] [INFO] [main.py] [main:51] [Name=MainThread] Application exited successfully
[2025-11-24 10:35:55] [INFO] [main.py] [main:52] [Name=MainThread] ======================================================================
[2025-11-24 10:35:59] [INFO] [Logging.py] [__new__:115] [Name=MainThread] Logger initialized: Regilazi
[2025-11-24 10:35:59] [INFO] [Logging.py] [__new__:116] [Name=MainThread] Log file: logs\Regilazi_2025-11-24.log
[2025-11-24 10:35:59] [INFO] [Logging.py] [__new__:117] [Name=MainThread] ==========
[2025-11-24 10:35:59] [INFO] [main.py] [main:17] [Name=MainThread] ======================================================================
[2025-11-24 10:35:59] [INFO] [main.py] [main:18] [Name=MainThread] Khởi động ứng dụng Regilazi Laser Marking System...
[2025-11-24 10:35:59] [INFO] [main.py] [main:19] [Name=MainThread] ======================================================================
[2025-11-24 10:35:59] [INFO] [main.py] [main:22] [Name=MainThread] QApplication initialized
[2025-11-24 10:35:59] [INFO] [main.py] [main:26] [Name=MainThread] MainWindow created
[2025-11-24 10:35:59] [INFO] [main_presenter.py] [__init__:25] [Name=MainThread] MainPresenter.__init__ started
[2025-11-24 10:35:59] [INFO] [main_presenter.py] [__init__:30] [Name=MainThread] Initializing sub-presenters...
[2025-11-24 10:35:59] [INFO] [main_presenter.py] [__init__:37] [Name=MainThread] Signals connected
[2025-11-24 10:35:59] [INFO] [main_presenter.py] [__init__:42] [Name=MainThread] MainPresenter initialized successfully
[2025-11-24 10:35:59] [INFO] [main.py] [main:30] [Name=MainThread] MainPresenter initialized
[2025-11-24 10:35:59] [INFO] [main_presenter.py] [initialize:102] [Name=MainThread] MainPresenter.initialize() called
[2025-11-24 10:35:59] [INFO] [main_presenter.py] [initialize:104] [Name=MainThread] System initialization completed
[2025-11-24 10:35:59] [INFO] [main.py] [main:37] [Name=MainThread] Application window shown - Ready for user interaction
[2025-11-24 10:35:59] [INFO] [main.py] [main:43] [Name=MainThread] Application event loop starting...
[2025-11-24 10:36:02] [INFO] [sfis_presenter.py] [connect:74] [Name=MainThread] Đang kết nối SFIS qua COM2...
[2025-11-24 10:36:02] [INFO] [sfis_presenter.py] [connect:81] [Name=MainThread] Kết nối SFIS thành công: COM2
[2025-11-24 10:36:05] [INFO] [main_presenter.py] [onStartClicked:132] [Name=MainThread] ======================================================================
[2025-11-24 10:36:05] [INFO] [main_presenter.py] [onStartClicked:133] [Name=MainThread] START button clicked
[2025-11-24 10:36:05] [INFO] [main_presenter.py] [onStartClicked:154] [Name=MainThread] Input: MO='', ALL_PARTS='', PANEL=''
[2025-11-24 10:36:05] [INFO] [main_presenter.py] [onStartClicked:160] [Name=MainThread] Sending START signal...
[2025-11-24 10:36:05] [INFO] [sfis_presenter.py] [sendStartSignal:152] [Name=MainThread] ======================================================================
[2025-11-24 10:36:05] [INFO] [sfis_presenter.py] [sendStartSignal:153] [Name=MainThread] CHECK TÍN HIỆU TRƯỚC KHI GỬI:
[2025-11-24 10:36:05] [INFO] [sfis_presenter.py] [sendStartSignal:154] [Name=MainThread]   MO: '' (length: 0)
[2025-11-24 10:36:05] [INFO] [sfis_presenter.py] [sendStartSignal:155] [Name=MainThread]   ALL PARTS NO: '' (length: 0)
[2025-11-24 10:36:05] [INFO] [sfis_presenter.py] [sendStartSignal:156] [Name=MainThread]   PANEL NO: '' (length: 0)
[2025-11-24 10:36:05] [INFO] [sfis_presenter.py] [sendStartSignal:157] [Name=MainThread]   Message Length: 57 bytes (expected: 57)
[2025-11-24 10:36:05] [INFO] [sfis_presenter.py] [sendStartSignal:158] [Name=MainThread]   Message Content: '                                                    START'
[2025-11-24 10:36:05] [INFO] [sfis_presenter.py] [sendStartSignal:159] [Name=MainThread]   Message HEX: 202020202020202020202020202020202020202020202020202020202020202020202020202020202020202020202020202020205354415254
[2025-11-24 10:36:05] [INFO] [sfis_presenter.py] [sendStartSignal:160] [Name=MainThread] ======================================================================
[2025-11-24 10:36:05] [INFO] [sfis_presenter.py] [sendStartSignal:173] [Name=MainThread] Invoking worker to send START signal...
[2025-11-24 10:36:05] [INFO] [sfis_presenter.py] [sendStartSignal:185] [Name=MainThread] Worker invoked successfully
[2025-11-24 10:36:05] [INFO] [main_presenter.py] [onStartClicked:169] [Name=MainThread] START signal sent to worker
[2025-11-24 10:36:30] [INFO] [main.py] [main:47] [Name=MainThread] Application closing...
[2025-11-24 10:36:30] [INFO] [main_presenter.py] [cleanup:271] [Name=MainThread] MainPresenter.cleanup() called
[2025-11-24 10:36:30] [INFO] [main_presenter.py] [cleanup:275] [Name=MainThread] Cleaning up sub-presenters...
[2025-11-24 10:36:30] [INFO] [main_presenter.py] [cleanup:280] [Name=MainThread] Sub-presenters cleaned up
[2025-11-24 10:36:30] [INFO] [main_presenter.py] [cleanup:283] [Name=MainThread] MainPresenter cleanup completed
[2025-11-24 10:36:30] [INFO] [main.py] [main:49] [Name=MainThread] Cleanup completed
[2025-11-24 10:36:30] [INFO] [main.py] [main:50] [Name=MainThread] ======================================================================
[2025-11-24 10:36:30] [INFO] [main.py] [main:51] [Name=MainThread] Application exited successfully
[2025-11-24 10:36:30] [INFO] [main.py] [main:52] [Name=MainThread] ======================================================================
[2025-11-24 10:40:05] [INFO] [Logging.py] [__new__:115] [Name=MainThread] Logger initialized: Regilazi
[2025-11-24 10:40:05] [INFO] [Logging.py] [__new__:116] [Name=MainThread] Log file: logs\Regilazi_2025-11-24.log
[2025-11-24 10:40:05] [INFO] [Logging.py] [__new__:117] [Name=MainThread] ==========
[2025-11-24 10:40:05] [INFO] [main.py] [main:17] [Name=MainThread] ======================================================================
[2025-11-24 10:40:05] [INFO] [main.py] [main:18] [Name=MainThread] Khởi động ứng dụng Regilazi Laser Marking System...
[2025-11-24 10:40:05] [INFO] [main.py] [main:19] [Name=MainThread] ======================================================================
[2025-11-24 10:40:05] [INFO] [main.py] [main:22] [Name=MainThread] QApplication initialized
[2025-11-24 10:40:05] [INFO] [main.py] [main:26] [Name=MainThread] MainWindow created
[2025-11-24 10:40:05] [INFO] [main_presenter.py] [__init__:25] [Name=MainThread] MainPresenter.__init__ started
[2025-11-24 10:40:05] [INFO] [main_presenter.py] [__init__:30] [Name=MainThread] Initializing sub-presenters...
[2025-11-24 10:40:05] [INFO] [main_presenter.py] [__init__:37] [Name=MainThread] Signals connected
[2025-11-24 10:40:05] [INFO] [main_presenter.py] [__init__:42] [Name=MainThread] MainPresenter initialized successfully
[2025-11-24 10:40:05] [INFO] [main.py] [main:30] [Name=MainThread] MainPresenter initialized
[2025-11-24 10:40:05] [INFO] [main_presenter.py] [initialize:102] [Name=MainThread] MainPresenter.initialize() called
[2025-11-24 10:40:05] [INFO] [main_presenter.py] [initialize:104] [Name=MainThread] System initialization completed
[2025-11-24 10:40:05] [INFO] [main.py] [main:37] [Name=MainThread] Application window shown - Ready for user interaction
[2025-11-24 10:40:05] [INFO] [main.py] [main:43] [Name=MainThread] Application event loop starting...
[2025-11-24 10:40:07] [INFO] [sfis_presenter.py] [connect:74] [Name=MainThread] Đang kết nối SFIS qua COM2...
[2025-11-24 10:40:07] [INFO] [sfis_presenter.py] [connect:81] [Name=MainThread] Kết nối SFIS thành công: COM2
[2025-11-24 10:40:07] [INFO] [main_presenter.py] [onStartClicked:132] [Name=MainThread] ======================================================================
[2025-11-24 10:40:07] [INFO] [main_presenter.py] [onStartClicked:133] [Name=MainThread] START button clicked
[2025-11-24 10:40:07] [INFO] [main_presenter.py] [onStartClicked:154] [Name=MainThread] Sending START signal (MO from config.yaml)...
[2025-11-24 10:40:07] [INFO] [sfis_presenter.py] [sendStartSignal:158] [Name=MainThread] ======================================================================
[2025-11-24 10:40:07] [INFO] [sfis_presenter.py] [sendStartSignal:159] [Name=MainThread] CHECK TÍN HIỆU TRƯỚC KHI GỬI:
[2025-11-24 10:40:07] [INFO] [sfis_presenter.py] [sendStartSignal:160] [Name=MainThread]   Format: MO(20) + Panel(20) + NEEDPSN08(9) = 49 bytes
[2025-11-24 10:40:07] [INFO] [sfis_presenter.py] [sendStartSignal:161] [Name=MainThread]   MO: '2790004761' (padded to 20)
[2025-11-24 10:40:07] [INFO] [sfis_presenter.py] [sendStartSignal:162] [Name=MainThread]   Panel: '' (empty, 20 spaces)
[2025-11-24 10:40:07] [INFO] [sfis_presenter.py] [sendStartSignal:163] [Name=MainThread]   Keyword: 'NEEDPSN08' (9 bytes)
[2025-11-24 10:40:07] [INFO] [sfis_presenter.py] [sendStartSignal:164] [Name=MainThread]   Message Length: 49 bytes (expected: 49)
[2025-11-24 10:40:07] [INFO] [sfis_presenter.py] [sendStartSignal:165] [Name=MainThread]   Message Content: '2790004761                              NEEDPSN08'
[2025-11-24 10:40:07] [INFO] [sfis_presenter.py] [sendStartSignal:166] [Name=MainThread]   Message HEX: 323739303030343736312020202020202020202020202020202020202020202020202020202020204e45454450534e3038
[2025-11-24 10:40:07] [INFO] [sfis_presenter.py] [sendStartSignal:167] [Name=MainThread] ======================================================================
[2025-11-24 10:40:07] [INFO] [sfis_presenter.py] [sendStartSignal:180] [Name=MainThread] Invoking worker to send START signal...
[2025-11-24 10:40:07] [INFO] [sfis_presenter.py] [sendStartSignal:192] [Name=MainThread] Worker invoked successfully
[2025-11-24 10:40:07] [INFO] [main_presenter.py] [onStartClicked:163] [Name=MainThread] START signal sent to worker
[2025-11-24 10:57:48] [INFO] [Logging.py] [__new__:115] [Name=MainThread] Logger initialized: Regilazi
[2025-11-24 10:57:48] [INFO] [Logging.py] [__new__:116] [Name=MainThread] Log file: logs\Regilazi_2025-11-24.log
[2025-11-24 10:57:48] [INFO] [Logging.py] [__new__:117] [Name=MainThread] ==========
[2025-11-24 10:57:48] [INFO] [main.py] [main:17] [Name=MainThread] ======================================================================
[2025-11-24 10:57:48] [INFO] [main.py] [main:18] [Name=MainThread] Khởi động ứng dụng Regilazi Laser Marking System...
[2025-11-24 10:57:48] [INFO] [main.py] [main:19] [Name=MainThread] ======================================================================
[2025-11-24 10:57:48] [INFO] [main.py] [main:22] [Name=MainThread] QApplication initialized
[2025-11-24 10:57:48] [INFO] [main.py] [main:26] [Name=MainThread] MainWindow created
[2025-11-24 10:57:48] [INFO] [main_presenter.py] [__init__:25] [Name=MainThread] MainPresenter.__init__ started
[2025-11-24 10:57:48] [INFO] [main_presenter.py] [__init__:30] [Name=MainThread] Initializing sub-presenters...
[2025-11-24 10:57:48] [INFO] [sfis_presenter.py] [__init__:24] [Name=MainThread] SFISPresenter.__init__ started
[2025-11-24 10:57:48] [INFO] [sfis_presenter.py] [__init__:39] [Name=MainThread] SFIS thread started
[2025-11-24 10:57:48] [INFO] [sfis_presenter.py] [__init__:45] [Name=MainThread] SFISPresenter initialized successfully
[2025-11-24 10:57:48] [INFO] [main_presenter.py] [__init__:37] [Name=MainThread] Signals connected
[2025-11-24 10:57:48] [INFO] [main_presenter.py] [__init__:42] [Name=MainThread] MainPresenter initialized successfully
[2025-11-24 10:57:48] [INFO] [main.py] [main:30] [Name=MainThread] MainPresenter initialized
[2025-11-24 10:57:48] [INFO] [main_presenter.py] [initialize:102] [Name=MainThread] MainPresenter.initialize() called
[2025-11-24 10:57:48] [INFO] [main_presenter.py] [initialize:104] [Name=MainThread] System initialization completed
[2025-11-24 10:57:48] [INFO] [main.py] [main:37] [Name=MainThread] Application window shown - Ready for user interaction
[2025-11-24 10:57:48] [INFO] [main.py] [main:43] [Name=MainThread] Application event loop starting...
[2025-11-24 10:57:49] [INFO] [sfis_presenter.py] [connect:70] [Name=MainThread] Đang kết nối SFIS qua COM2...
[2025-11-24 10:57:49] [INFO] [sfis_presenter.py] [connect:77] [Name=MainThread] Kết nối SFIS thành công: COM2
[2025-11-24 10:57:58] [INFO] [main_presenter.py] [onStartClicked:132] [Name=MainThread] ======================================================================
[2025-11-24 10:57:58] [INFO] [main_presenter.py] [onStartClicked:133] [Name=MainThread] START button clicked
[2025-11-24 10:57:58] [INFO] [main_presenter.py] [onStartClicked:154] [Name=MainThread] Sending START signal (MO from config.yaml)...
[2025-11-24 10:57:58] [INFO] [sfis_presenter.py] [sendStartSignal:154] [Name=MainThread] ======================================================================
[2025-11-24 10:57:58] [INFO] [sfis_presenter.py] [sendStartSignal:155] [Name=MainThread] CHECK TÍN HIỆU TRƯỚC KHI GỬI:
[2025-11-24 10:57:58] [INFO] [sfis_presenter.py] [sendStartSignal:156] [Name=MainThread]   Format: MO(20) + Panel(20) + NEEDPSN08(9) = 49 bytes
[2025-11-24 10:57:58] [INFO] [sfis_presenter.py] [sendStartSignal:157] [Name=MainThread]   MO: '2790004761' (padded to 20)
[2025-11-24 10:57:58] [INFO] [sfis_presenter.py] [sendStartSignal:158] [Name=MainThread]   Panel: '' (empty, 20 spaces)
[2025-11-24 10:57:58] [INFO] [sfis_presenter.py] [sendStartSignal:159] [Name=MainThread]   Keyword: 'NEEDPSN08' (9 bytes)
[2025-11-24 10:57:58] [INFO] [sfis_presenter.py] [sendStartSignal:160] [Name=MainThread]   Message Length: 49 bytes (expected: 49)
[2025-11-24 10:57:58] [INFO] [sfis_presenter.py] [sendStartSignal:161] [Name=MainThread]   Message Content: '2790004761                              NEEDPSN08'
[2025-11-24 10:57:58] [INFO] [sfis_presenter.py] [sendStartSignal:162] [Name=MainThread]   Message HEX: 323739303030343736312020202020202020202020202020202020202020202020202020202020204e45454450534e3038
[2025-11-24 10:57:58] [INFO] [sfis_presenter.py] [sendStartSignal:163] [Name=MainThread] ======================================================================
[2025-11-24 10:57:58] [INFO] [sfis_presenter.py] [sendStartSignal:176] [Name=MainThread] Invoking SFIS worker to send START signal...
[2025-11-24 10:57:58] [INFO] [sfis_presenter.py] [sendStartSignal:187] [Name=MainThread] SFIS worker invoked successfully
[2025-11-24 10:57:58] [INFO] [main_presenter.py] [onStartClicked:163] [Name=MainThread] START signal sent to worker
[2025-11-24 10:58:00] [INFO] [main_presenter.py] [onStartClicked:132] [Name=MainThread] ======================================================================
[2025-11-24 10:58:00] [INFO] [main_presenter.py] [onStartClicked:133] [Name=MainThread] START button clicked
[2025-11-24 10:58:00] [WARNING] [main_presenter.py] [onStartClicked:136] [Name=MainThread] System is already running
[2025-11-24 11:02:09] [INFO] [Logging.py] [__new__:115] [Name=MainThread] Logger initialized: Regilazi
[2025-11-24 11:02:09] [INFO] [Logging.py] [__new__:116] [Name=MainThread] Log file: logs\Regilazi_2025-11-24.log
[2025-11-24 11:02:09] [INFO] [Logging.py] [__new__:117] [Name=MainThread] ==========
[2025-11-24 11:02:09] [INFO] [main.py] [main:17] [Name=MainThread] ======================================================================
[2025-11-24 11:02:09] [INFO] [main.py] [main:18] [Name=MainThread] Khởi động ứng dụng Regilazi Laser Marking System...
[2025-11-24 11:02:09] [INFO] [main.py] [main:19] [Name=MainThread] ======================================================================
[2025-11-24 11:02:09] [INFO] [main.py] [main:22] [Name=MainThread] QApplication initialized
[2025-11-24 11:02:09] [INFO] [main.py] [main:26] [Name=MainThread] MainWindow created
[2025-11-24 11:02:09] [INFO] [main_presenter.py] [__init__:25] [Name=MainThread] MainPresenter.__init__ started
[2025-11-24 11:02:09] [INFO] [main_presenter.py] [__init__:30] [Name=MainThread] Initializing sub-presenters...
[2025-11-24 11:02:09] [INFO] [sfis_presenter.py] [__init__:24] [Name=MainThread] SFISPresenter.__init__ started
[2025-11-24 11:02:09] [INFO] [sfis_presenter.py] [__init__:39] [Name=MainThread] SFIS thread started
[2025-11-24 11:02:09] [INFO] [sfis_presenter.py] [__init__:45] [Name=MainThread] SFISPresenter initialized successfully
[2025-11-24 11:02:09] [INFO] [main_presenter.py] [__init__:37] [Name=MainThread] Signals connected
[2025-11-24 11:02:09] [INFO] [main_presenter.py] [__init__:42] [Name=MainThread] MainPresenter initialized successfully
[2025-11-24 11:02:09] [INFO] [main.py] [main:30] [Name=MainThread] MainPresenter initialized
[2025-11-24 11:02:09] [INFO] [main_presenter.py] [initialize:102] [Name=MainThread] MainPresenter.initialize() called
[2025-11-24 11:02:09] [INFO] [main_presenter.py] [initialize:104] [Name=MainThread] System initialization completed
[2025-11-24 11:02:09] [INFO] [main.py] [main:37] [Name=MainThread] Application window shown - Ready for user interaction
[2025-11-24 11:02:09] [INFO] [main.py] [main:43] [Name=MainThread] Application event loop starting...
[2025-11-24 11:02:10] [INFO] [sfis_presenter.py] [connect:70] [Name=MainThread] Đang kết nối SFIS qua COM2...
[2025-11-24 11:02:10] [INFO] [sfis_presenter.py] [connect:77] [Name=MainThread] Kết nối SFIS thành công: COM2
[2025-11-24 11:02:11] [INFO] [main_presenter.py] [onStartClicked:132] [Name=MainThread] ======================================================================
[2025-11-24 11:02:11] [INFO] [main_presenter.py] [onStartClicked:133] [Name=MainThread] START button clicked
[2025-11-24 11:02:11] [INFO] [main_presenter.py] [onStartClicked:154] [Name=MainThread] Sending START signal (MO from config.yaml)...
[2025-11-24 11:02:11] [INFO] [sfis_presenter.py] [sendStartSignal:154] [Name=MainThread] ======================================================================
[2025-11-24 11:02:11] [INFO] [sfis_presenter.py] [sendStartSignal:155] [Name=MainThread] CHECK TÍN HIỆU TRƯỚC KHI GỬI:
[2025-11-24 11:02:11] [INFO] [sfis_presenter.py] [sendStartSignal:156] [Name=MainThread]   Format: MO(20) + Panel(20) + NEEDPSN08(9) = 49 bytes
[2025-11-24 11:02:11] [INFO] [sfis_presenter.py] [sendStartSignal:157] [Name=MainThread]   MO: '2790004761' (padded to 20)
[2025-11-24 11:02:11] [INFO] [sfis_presenter.py] [sendStartSignal:158] [Name=MainThread]   Panel: '' (empty, 20 spaces)
[2025-11-24 11:02:11] [INFO] [sfis_presenter.py] [sendStartSignal:159] [Name=MainThread]   Keyword: 'NEEDPSN08' (9 bytes)
[2025-11-24 11:02:11] [INFO] [sfis_presenter.py] [sendStartSignal:160] [Name=MainThread]   Message Length: 49 bytes (expected: 49)
[2025-11-24 11:02:11] [INFO] [sfis_presenter.py] [sendStartSignal:161] [Name=MainThread]   Message Content: 2790004761                              NEEDPSN08
[2025-11-24 11:02:11] [INFO] [sfis_presenter.py] [sendStartSignal:162] [Name=MainThread]   Message HEX: 323739303030343736312020202020202020202020202020202020202020202020202020202020204e45454450534e3038
[2025-11-24 11:02:11] [INFO] [sfis_presenter.py] [sendStartSignal:163] [Name=MainThread] ======================================================================
[2025-11-24 11:02:11] [INFO] [sfis_presenter.py] [sendStartSignal:174] [Name=MainThread] Invoking SFIS worker to send START signal...
[2025-11-24 11:02:11] [INFO] [sfis_presenter.py] [sendStartSignal:185] [Name=MainThread] SFIS worker invoked successfully
[2025-11-24 11:02:11] [INFO] [main_presenter.py] [onStartClicked:163] [Name=MainThread] START signal sent to worker
[2025-11-24 11:02:13] [INFO] [main.py] [main:47] [Name=MainThread] Application closing...
[2025-11-24 11:02:13] [INFO] [main_presenter.py] [cleanup:265] [Name=MainThread] MainPresenter.cleanup() called
[2025-11-24 11:02:13] [INFO] [main_presenter.py] [cleanup:269] [Name=MainThread] Cleaning up sub-presenters...
[2025-11-24 11:02:13] [INFO] [sfis_presenter.py] [cleanup:316] [Name=MainThread] SFISPresenter.cleanup() called
[2025-11-24 11:02:13] [INFO] [sfis_presenter.py] [cleanup:325] [Name=MainThread] SFISPresenter cleanup completed
[2025-11-24 11:02:13] [INFO] [main_presenter.py] [cleanup:274] [Name=MainThread] Sub-presenters cleaned up
[2025-11-24 11:02:13] [INFO] [main_presenter.py] [cleanup:277] [Name=MainThread] MainPresenter cleanup completed
[2025-11-24 11:02:13] [INFO] [main.py] [main:49] [Name=MainThread] Cleanup completed
[2025-11-24 11:02:13] [INFO] [main.py] [main:50] [Name=MainThread] ======================================================================
[2025-11-24 11:02:13] [INFO] [main.py] [main:51] [Name=MainThread] Application exited successfully
[2025-11-24 11:02:13] [INFO] [main.py] [main:52] [Name=MainThread] ======================================================================
[2025-11-24 11:02:20] [INFO] [Logging.py] [__new__:115] [Name=MainThread] Logger initialized: Regilazi
[2025-11-24 11:02:20] [INFO] [Logging.py] [__new__:116] [Name=MainThread] Log file: logs\Regilazi_2025-11-24.log
[2025-11-24 11:02:20] [INFO] [Logging.py] [__new__:117] [Name=MainThread] ==========
[2025-11-24 11:02:20] [INFO] [main.py] [main:17] [Name=MainThread] ======================================================================
[2025-11-24 11:02:20] [INFO] [main.py] [main:18] [Name=MainThread] Khởi động ứng dụng Regilazi Laser Marking System...
[2025-11-24 11:02:20] [INFO] [main.py] [main:19] [Name=MainThread] ======================================================================
[2025-11-24 11:02:20] [INFO] [main.py] [main:22] [Name=MainThread] QApplication initialized
[2025-11-24 11:02:20] [INFO] [main.py] [main:26] [Name=MainThread] MainWindow created
[2025-11-24 11:02:20] [INFO] [main_presenter.py] [__init__:25] [Name=MainThread] MainPresenter.__init__ started
[2025-11-24 11:02:20] [INFO] [main_presenter.py] [__init__:30] [Name=MainThread] Initializing sub-presenters...
[2025-11-24 11:02:20] [INFO] [sfis_presenter.py] [__init__:24] [Name=MainThread] SFISPresenter.__init__ started
[2025-11-24 11:02:20] [INFO] [sfis_presenter.py] [__init__:39] [Name=MainThread] SFIS thread started
[2025-11-24 11:02:20] [INFO] [sfis_presenter.py] [__init__:45] [Name=MainThread] SFISPresenter initialized successfully
[2025-11-24 11:02:20] [INFO] [main_presenter.py] [__init__:37] [Name=MainThread] Signals connected
[2025-11-24 11:02:20] [INFO] [main_presenter.py] [__init__:42] [Name=MainThread] MainPresenter initialized successfully
[2025-11-24 11:02:20] [INFO] [main.py] [main:30] [Name=MainThread] MainPresenter initialized
[2025-11-24 11:02:20] [INFO] [main_presenter.py] [initialize:102] [Name=MainThread] MainPresenter.initialize() called
[2025-11-24 11:02:20] [INFO] [main_presenter.py] [initialize:104] [Name=MainThread] System initialization completed
[2025-11-24 11:02:20] [INFO] [main.py] [main:37] [Name=MainThread] Application window shown - Ready for user interaction
[2025-11-24 11:02:20] [INFO] [main.py] [main:43] [Name=MainThread] Application event loop starting...
[2025-11-24 11:02:21] [INFO] [sfis_presenter.py] [connect:70] [Name=MainThread] Đang kết nối SFIS qua COM2...
[2025-11-24 11:02:21] [INFO] [sfis_presenter.py] [connect:77] [Name=MainThread] Kết nối SFIS thành công: COM2
[2025-11-24 11:02:22] [INFO] [main_presenter.py] [onStartClicked:132] [Name=MainThread] ======================================================================
[2025-11-24 11:02:22] [INFO] [main_presenter.py] [onStartClicked:133] [Name=MainThread] START button clicked
[2025-11-24 11:02:22] [INFO] [main_presenter.py] [onStartClicked:154] [Name=MainThread] Sending START signal (MO from config.yaml)...
[2025-11-24 11:02:22] [INFO] [sfis_presenter.py] [sendStartSignal:154] [Name=MainThread] ======================================================================
[2025-11-24 11:02:22] [INFO] [sfis_presenter.py] [sendStartSignal:155] [Name=MainThread] CHECK TÍN HIỆU TRƯỚC KHI GỬI:
[2025-11-24 11:02:22] [INFO] [sfis_presenter.py] [sendStartSignal:156] [Name=MainThread]   Format: MO(20) + Panel(20) + NEEDPSN08(9) = 49 bytes
[2025-11-24 11:02:22] [INFO] [sfis_presenter.py] [sendStartSignal:157] [Name=MainThread]   MO: '2790004761' (padded to 20)
[2025-11-24 11:02:22] [INFO] [sfis_presenter.py] [sendStartSignal:158] [Name=MainThread]   Panel: '' (empty, 20 spaces)
[2025-11-24 11:02:22] [INFO] [sfis_presenter.py] [sendStartSignal:159] [Name=MainThread]   Keyword: 'NEEDPSN08' (9 bytes)
[2025-11-24 11:02:22] [INFO] [sfis_presenter.py] [sendStartSignal:160] [Name=MainThread]   Message Length: 49 bytes (expected: 49)
[2025-11-24 11:02:22] [INFO] [sfis_presenter.py] [sendStartSignal:161] [Name=MainThread]   Message Content: 2790004761                              NEEDPSN08
[2025-11-24 11:02:22] [INFO] [sfis_presenter.py] [sendStartSignal:162] [Name=MainThread]   Message HEX: 323739303030343736312020202020202020202020202020202020202020202020202020202020204e45454450534e3038
[2025-11-24 11:02:22] [INFO] [sfis_presenter.py] [sendStartSignal:163] [Name=MainThread] ======================================================================
[2025-11-24 11:02:22] [INFO] [sfis_presenter.py] [sendStartSignal:174] [Name=MainThread] Invoking SFIS worker to send START signal...
[2025-11-24 11:02:22] [INFO] [sfis_presenter.py] [sendStartSignal:185] [Name=MainThread] SFIS worker invoked successfully
[2025-11-24 11:02:22] [INFO] [main_presenter.py] [onStartClicked:163] [Name=MainThread] START signal sent to worker
[2025-11-24 11:05:09] [INFO] [main_presenter.py] [onStartClicked:132] [Name=MainThread] ======================================================================
[2025-11-24 11:05:09] [INFO] [main_presenter.py] [onStartClicked:133] [Name=MainThread] START button clicked
[2025-11-24 11:05:09] [WARNING] [main_presenter.py] [onStartClicked:136] [Name=MainThread] System is already running
[2025-11-24 11:14:47] [INFO] [Logging.py] [__new__:115] [Name=MainThread] Logger initialized: Regilazi
[2025-11-24 11:14:47] [INFO] [Logging.py] [__new__:116] [Name=MainThread] Log file: logs\Regilazi_2025-11-24.log
[2025-11-24 11:14:47] [INFO] [Logging.py] [__new__:117] [Name=MainThread] ==========
[2025-11-24 11:14:47] [INFO] [main.py] [main:17] [Name=MainThread] ======================================================================
[2025-11-24 11:14:47] [INFO] [main.py] [main:18] [Name=MainThread] Khởi động ứng dụng Regilazi Laser Marking System...
[2025-11-24 11:14:47] [INFO] [main.py] [main:19] [Name=MainThread] ======================================================================
[2025-11-24 11:14:47] [INFO] [main.py] [main:22] [Name=MainThread] QApplication initialized
[2025-11-24 11:14:47] [INFO] [main.py] [main:26] [Name=MainThread] MainWindow created
[2025-11-24 11:14:47] [INFO] [main_presenter.py] [__init__:25] [Name=MainThread] MainPresenter.__init__ started
[2025-11-24 11:14:47] [INFO] [main_presenter.py] [__init__:30] [Name=MainThread] Initializing sub-presenters...
[2025-11-24 11:14:47] [INFO] [sfis_presenter.py] [__init__:24] [Name=MainThread] SFISPresenter.__init__ started
[2025-11-24 11:14:47] [INFO] [sfis_worker.py] [__init__:41] [Name=MainThread] SFISWorker initialized
[2025-11-24 11:14:47] [INFO] [sfis_presenter.py] [__init__:39] [Name=MainThread] SFIS thread started
[2025-11-24 11:14:47] [INFO] [sfis_presenter.py] [__init__:45] [Name=MainThread] SFISPresenter initialized successfully
[2025-11-24 11:14:47] [INFO] [main_presenter.py] [__init__:37] [Name=MainThread] Signals connected
[2025-11-24 11:14:47] [INFO] [main_presenter.py] [__init__:42] [Name=MainThread] MainPresenter initialized successfully
[2025-11-24 11:14:47] [INFO] [main.py] [main:30] [Name=MainThread] MainPresenter initialized
[2025-11-24 11:14:47] [INFO] [main_presenter.py] [initialize:102] [Name=MainThread] MainPresenter.initialize() called
[2025-11-24 11:14:47] [INFO] [main_presenter.py] [initialize:104] [Name=MainThread] System initialization completed
[2025-11-24 11:14:47] [INFO] [main.py] [main:37] [Name=MainThread] Application window shown - Ready for user interaction
[2025-11-24 11:14:47] [INFO] [main.py] [main:43] [Name=MainThread] Application event loop starting...
[2025-11-24 11:14:48] [INFO] [main_presenter.py] [onStartClicked:132] [Name=MainThread] ======================================================================
[2025-11-24 11:14:48] [INFO] [main_presenter.py] [onStartClicked:133] [Name=MainThread] START button clicked
[2025-11-24 11:14:48] [ERROR] [main_presenter.py] [onStartClicked:144] [Name=MainThread] SFIS not connected
[2025-11-24 11:14:49] [INFO] [sfis_presenter.py] [connect:70] [Name=MainThread] Đang kết nối SFIS qua COM2...
[2025-11-24 11:14:49] [INFO] [sfis_worker.py] [connect:61] [Name=MainThread] Connecting to COM2...
[2025-11-24 11:14:49] [INFO] [sfis_worker.py] [connect:62] [Name=MainThread] Config: baudrate=9600, bytesize=8, parity=N, stopbits=1
[2025-11-24 11:14:49] [INFO] [sfis_worker.py] [connect:87] [Name=MainThread] Connected successfully to COM2
[2025-11-24 11:14:49] [INFO] [sfis_presenter.py] [connect:77] [Name=MainThread] Kết nối SFIS thành công: COM2
[2025-11-24 11:14:50] [INFO] [main_presenter.py] [onStartClicked:132] [Name=MainThread] ======================================================================
[2025-11-24 11:14:50] [INFO] [main_presenter.py] [onStartClicked:133] [Name=MainThread] START button clicked
[2025-11-24 11:14:50] [INFO] [main_presenter.py] [onStartClicked:154] [Name=MainThread] Sending START signal (MO from config.yaml)...
[2025-11-24 11:14:50] [INFO] [sfis_presenter.py] [sendStartSignal:154] [Name=MainThread] ======================================================================
[2025-11-24 11:14:50] [INFO] [sfis_presenter.py] [sendStartSignal:155] [Name=MainThread] CHECK TÍN HIỆU TRƯỚC KHI GỬI:
[2025-11-24 11:14:50] [INFO] [sfis_presenter.py] [sendStartSignal:156] [Name=MainThread]   Format: MO(20) + Panel(20) + NEEDPSN08(9) = 49 bytes
[2025-11-24 11:14:50] [INFO] [sfis_presenter.py] [sendStartSignal:157] [Name=MainThread]   MO: '2790004761' (padded to 20)
[2025-11-24 11:14:50] [INFO] [sfis_presenter.py] [sendStartSignal:158] [Name=MainThread]   Panel: '' (empty, 20 spaces)
[2025-11-24 11:14:50] [INFO] [sfis_presenter.py] [sendStartSignal:159] [Name=MainThread]   Keyword: 'NEEDPSN08' (9 bytes)
[2025-11-24 11:14:50] [INFO] [sfis_presenter.py] [sendStartSignal:160] [Name=MainThread]   Message Length: 49 bytes (expected: 49)
[2025-11-24 11:14:50] [INFO] [sfis_presenter.py] [sendStartSignal:161] [Name=MainThread]   Message Content: 2790004761                              NEEDPSN08
[2025-11-24 11:14:50] [INFO] [sfis_presenter.py] [sendStartSignal:162] [Name=MainThread]   Message HEX: 323739303030343736312020202020202020202020202020202020202020202020202020202020204e45454450534e3038
[2025-11-24 11:14:50] [INFO] [sfis_presenter.py] [sendStartSignal:163] [Name=MainThread] ======================================================================
[2025-11-24 11:14:50] [INFO] [sfis_presenter.py] [sendStartSignal:174] [Name=MainThread] Invoking SFIS worker to send START signal...
[2025-11-24 11:14:50] [INFO] [sfis_presenter.py] [sendStartSignal:185] [Name=MainThread] SFIS worker invoked successfully
[2025-11-24 11:14:50] [INFO] [main_presenter.py] [onStartClicked:163] [Name=MainThread] START signal sent to worker
[2025-11-24 11:15:04] [INFO] [sfis_presenter.py] [disconnect:86] [Name=MainThread] Đang ngắt kết nối SFIS...
[2025-11-24 11:15:04] [INFO] [sfis_worker.py] [disconnect:116] [Name=MainThread] Disconnecting from COM2...
[2025-11-24 11:15:04] [INFO] [sfis_worker.py] [disconnect:120] [Name=MainThread] ✓ Disconnected from COM2
[2025-11-24 11:15:04] [INFO] [sfis_presenter.py] [disconnect:91] [Name=MainThread] Ngắt kết nối SFIS thành công
[2025-11-24 11:15:05] [INFO] [main.py] [main:47] [Name=MainThread] Application closing...
[2025-11-24 11:15:05] [INFO] [main_presenter.py] [cleanup:265] [Name=MainThread] MainPresenter.cleanup() called
[2025-11-24 11:15:05] [INFO] [main_presenter.py] [cleanup:269] [Name=MainThread] Cleaning up sub-presenters...
[2025-11-24 11:15:05] [INFO] [sfis_presenter.py] [cleanup:316] [Name=MainThread] SFISPresenter.cleanup() called
[2025-11-24 11:15:05] [INFO] [sfis_presenter.py] [cleanup:325] [Name=MainThread] SFISPresenter cleanup completed
[2025-11-24 11:15:05] [INFO] [main_presenter.py] [cleanup:274] [Name=MainThread] Sub-presenters cleaned up
[2025-11-24 11:15:05] [INFO] [main_presenter.py] [cleanup:277] [Name=MainThread] MainPresenter cleanup completed
[2025-11-24 11:15:05] [INFO] [main.py] [main:49] [Name=MainThread] Cleanup completed
[2025-11-24 11:15:05] [INFO] [main.py] [main:50] [Name=MainThread] ======================================================================
[2025-11-24 11:15:05] [INFO] [main.py] [main:51] [Name=MainThread] Application exited successfully
[2025-11-24 11:15:05] [INFO] [main.py] [main:52] [Name=MainThread] ======================================================================
[2025-11-24 11:15:08] [INFO] [Logging.py] [__new__:115] [Name=MainThread] Logger initialized: Regilazi
[2025-11-24 11:15:08] [INFO] [Logging.py] [__new__:116] [Name=MainThread] Log file: logs\Regilazi_2025-11-24.log
[2025-11-24 11:15:08] [INFO] [Logging.py] [__new__:117] [Name=MainThread] ==========
[2025-11-24 11:15:08] [INFO] [main.py] [main:17] [Name=MainThread] ======================================================================
[2025-11-24 11:15:08] [INFO] [main.py] [main:18] [Name=MainThread] Khởi động ứng dụng Regilazi Laser Marking System...
[2025-11-24 11:15:08] [INFO] [main.py] [main:19] [Name=MainThread] ======================================================================
[2025-11-24 11:15:08] [INFO] [main.py] [main:22] [Name=MainThread] QApplication initialized
[2025-11-24 11:15:08] [INFO] [main.py] [main:26] [Name=MainThread] MainWindow created
[2025-11-24 11:15:08] [INFO] [main_presenter.py] [__init__:25] [Name=MainThread] MainPresenter.__init__ started
[2025-11-24 11:15:08] [INFO] [main_presenter.py] [__init__:30] [Name=MainThread] Initializing sub-presenters...
[2025-11-24 11:15:08] [INFO] [sfis_presenter.py] [__init__:24] [Name=MainThread] SFISPresenter.__init__ started
[2025-11-24 11:15:08] [INFO] [sfis_worker.py] [__init__:41] [Name=MainThread] SFISWorker initialized
[2025-11-24 11:15:08] [INFO] [sfis_presenter.py] [__init__:39] [Name=MainThread] SFIS thread started
[2025-11-24 11:15:08] [INFO] [sfis_presenter.py] [__init__:45] [Name=MainThread] SFISPresenter initialized successfully
[2025-11-24 11:15:08] [INFO] [main_presenter.py] [__init__:37] [Name=MainThread] Signals connected
[2025-11-24 11:15:08] [INFO] [main_presenter.py] [__init__:42] [Name=MainThread] MainPresenter initialized successfully
[2025-11-24 11:15:08] [INFO] [main.py] [main:30] [Name=MainThread] MainPresenter initialized
[2025-11-24 11:15:08] [INFO] [main_presenter.py] [initialize:102] [Name=MainThread] MainPresenter.initialize() called
[2025-11-24 11:15:08] [INFO] [main_presenter.py] [initialize:104] [Name=MainThread] System initialization completed
[2025-11-24 11:15:09] [INFO] [main.py] [main:37] [Name=MainThread] Application window shown - Ready for user interaction
[2025-11-24 11:15:09] [INFO] [main.py] [main:43] [Name=MainThread] Application event loop starting...
[2025-11-24 11:15:10] [INFO] [main_presenter.py] [onStartClicked:132] [Name=MainThread] ======================================================================
[2025-11-24 11:15:10] [INFO] [main_presenter.py] [onStartClicked:133] [Name=MainThread] START button clicked
[2025-11-24 11:15:10] [ERROR] [main_presenter.py] [onStartClicked:144] [Name=MainThread] SFIS not connected
[2025-11-24 11:15:10] [INFO] [sfis_presenter.py] [connect:70] [Name=MainThread] Đang kết nối SFIS qua COM2...
[2025-11-24 11:15:10] [INFO] [sfis_worker.py] [connect:61] [Name=MainThread] Connecting to COM2...
[2025-11-24 11:15:10] [INFO] [sfis_worker.py] [connect:62] [Name=MainThread] Config: baudrate=9600, bytesize=8, parity=N, stopbits=1
[2025-11-24 11:15:10] [INFO] [sfis_worker.py] [connect:87] [Name=MainThread] Connected successfully to COM2
[2025-11-24 11:15:10] [INFO] [sfis_presenter.py] [connect:77] [Name=MainThread] Kết nối SFIS thành công: COM2
[2025-11-24 11:15:11] [INFO] [main_presenter.py] [onStartClicked:132] [Name=MainThread] ======================================================================
[2025-11-24 11:15:11] [INFO] [main_presenter.py] [onStartClicked:133] [Name=MainThread] START button clicked
[2025-11-24 11:15:11] [INFO] [main_presenter.py] [onStartClicked:154] [Name=MainThread] Sending START signal (MO from config.yaml)...
[2025-11-24 11:15:11] [INFO] [sfis_presenter.py] [sendStartSignal:154] [Name=MainThread] ======================================================================
[2025-11-24 11:15:11] [INFO] [sfis_presenter.py] [sendStartSignal:155] [Name=MainThread] CHECK TÍN HIỆU TRƯỚC KHI GỬI:
[2025-11-24 11:15:11] [INFO] [sfis_presenter.py] [sendStartSignal:156] [Name=MainThread]   Format: MO(20) + Panel(20) + NEEDPSN08(9) = 49 bytes
[2025-11-24 11:15:11] [INFO] [sfis_presenter.py] [sendStartSignal:157] [Name=MainThread]   MO: '2790004761' (padded to 20)
[2025-11-24 11:15:11] [INFO] [sfis_presenter.py] [sendStartSignal:158] [Name=MainThread]   Panel: '' (empty, 20 spaces)
[2025-11-24 11:15:11] [INFO] [sfis_presenter.py] [sendStartSignal:159] [Name=MainThread]   Keyword: 'NEEDPSN08' (9 bytes)
[2025-11-24 11:15:11] [INFO] [sfis_presenter.py] [sendStartSignal:160] [Name=MainThread]   Message Length: 49 bytes (expected: 49)
[2025-11-24 11:15:11] [INFO] [sfis_presenter.py] [sendStartSignal:161] [Name=MainThread]   Message Content: 2790004761                              NEEDPSN08
[2025-11-24 11:15:11] [INFO] [sfis_presenter.py] [sendStartSignal:162] [Name=MainThread]   Message HEX: 323739303030343736312020202020202020202020202020202020202020202020202020202020204e45454450534e3038
[2025-11-24 11:15:11] [INFO] [sfis_presenter.py] [sendStartSignal:163] [Name=MainThread] ======================================================================
[2025-11-24 11:15:11] [INFO] [sfis_presenter.py] [sendStartSignal:174] [Name=MainThread] Invoking SFIS worker to send START signal...
[2025-11-24 11:15:11] [INFO] [sfis_presenter.py] [sendStartSignal:185] [Name=MainThread] SFIS worker invoked successfully
[2025-11-24 11:15:11] [INFO] [main_presenter.py] [onStartClicked:163] [Name=MainThread] START signal sent to worker
[2025-11-24 11:21:12] [INFO] [Logging.py] [__new__:115] [Name=MainThread] Logger initialized: Regilazi
[2025-11-24 11:21:12] [INFO] [Logging.py] [__new__:116] [Name=MainThread] Log file: logs\Regilazi_2025-11-24.log
[2025-11-24 11:21:12] [INFO] [Logging.py] [__new__:117] [Name=MainThread] ==========
[2025-11-24 11:21:12] [INFO] [main.py] [main:17] [Name=MainThread] ======================================================================
[2025-11-24 11:21:12] [INFO] [main.py] [main:18] [Name=MainThread] Khởi động ứng dụng Regilazi Laser Marking System...
[2025-11-24 11:21:12] [INFO] [main.py] [main:19] [Name=MainThread] ======================================================================
[2025-11-24 11:21:13] [INFO] [main.py] [main:22] [Name=MainThread] QApplication initialized
[2025-11-24 11:21:13] [INFO] [main.py] [main:26] [Name=MainThread] MainWindow created
[2025-11-24 11:21:13] [INFO] [main_presenter.py] [__init__:25] [Name=MainThread] MainPresenter.__init__ started
[2025-11-24 11:21:13] [INFO] [main_presenter.py] [__init__:30] [Name=MainThread] Initializing sub-presenters...
[2025-11-24 11:21:13] [INFO] [sfis_presenter.py] [__init__:24] [Name=MainThread] SFISPresenter.__init__ started
[2025-11-24 11:21:13] [INFO] [sfis_worker.py] [__init__:41] [Name=MainThread] SFISWorker initialized
[2025-11-24 11:21:13] [INFO] [sfis_presenter.py] [__init__:39] [Name=MainThread] SFIS thread started
[2025-11-24 11:21:13] [INFO] [sfis_presenter.py] [__init__:45] [Name=MainThread] SFISPresenter initialized successfully
[2025-11-24 11:21:13] [INFO] [main_presenter.py] [__init__:37] [Name=MainThread] Signals connected
[2025-11-24 11:21:13] [INFO] [main_presenter.py] [__init__:42] [Name=MainThread] MainPresenter initialized successfully
[2025-11-24 11:21:13] [INFO] [main.py] [main:30] [Name=MainThread] MainPresenter initialized
[2025-11-24 11:21:13] [INFO] [main_presenter.py] [initialize:102] [Name=MainThread] MainPresenter.initialize() called
[2025-11-24 11:21:13] [INFO] [main_presenter.py] [initialize:104] [Name=MainThread] System initialization completed
[2025-11-24 11:21:13] [INFO] [main.py] [main:37] [Name=MainThread] Application window shown - Ready for user interaction
[2025-11-24 11:21:13] [INFO] [main.py] [main:43] [Name=MainThread] Application event loop starting...
[2025-11-24 11:21:14] [INFO] [sfis_presenter.py] [connect:70] [Name=MainThread] Đang kết nối SFIS qua COM2...
[2025-11-24 11:21:14] [INFO] [sfis_worker.py] [connect:61] [Name=MainThread] Connecting to COM2...
[2025-11-24 11:21:14] [INFO] [sfis_worker.py] [connect:62] [Name=MainThread] Config: baudrate=9600, bytesize=8, parity=N, stopbits=1
[2025-11-24 11:21:14] [INFO] [sfis_worker.py] [connect:87] [Name=MainThread] Connected successfully to COM2
[2025-11-24 11:21:14] [INFO] [sfis_presenter.py] [connect:77] [Name=MainThread] Kết nối SFIS thành công: COM2
[2025-11-24 11:21:16] [INFO] [sfis_presenter.py] [disconnect:86] [Name=MainThread] Đang ngắt kết nối SFIS...
[2025-11-24 11:21:16] [INFO] [sfis_worker.py] [disconnect:116] [Name=MainThread] Disconnecting from COM2...
[2025-11-24 11:21:16] [INFO] [sfis_worker.py] [disconnect:120] [Name=MainThread] ✓ Disconnected from COM2
[2025-11-24 11:21:16] [INFO] [sfis_presenter.py] [disconnect:91] [Name=MainThread] Ngắt kết nối SFIS thành công
[2025-11-24 11:21:18] [INFO] [sfis_presenter.py] [connect:70] [Name=MainThread] Đang kết nối SFIS qua COM4...
[2025-11-24 11:21:18] [INFO] [sfis_worker.py] [connect:61] [Name=MainThread] Connecting to COM4...
[2025-11-24 11:21:18] [INFO] [sfis_worker.py] [connect:62] [Name=MainThread] Config: baudrate=9600, bytesize=8, parity=N, stopbits=1
[2025-11-24 11:21:18] [INFO] [sfis_worker.py] [connect:87] [Name=MainThread] Connected successfully to COM4
[2025-11-24 11:21:18] [INFO] [sfis_presenter.py] [connect:77] [Name=MainThread] Kết nối SFIS thành công: COM4
[2025-11-24 11:21:18] [INFO] [main_presenter.py] [onStartClicked:132] [Name=MainThread] ======================================================================
[2025-11-24 11:21:18] [INFO] [main_presenter.py] [onStartClicked:133] [Name=MainThread] START button clicked
[2025-11-24 11:21:18] [INFO] [main_presenter.py] [onStartClicked:154] [Name=MainThread] Sending START signal (MO from config.yaml)...
[2025-11-24 11:21:18] [INFO] [sfis_presenter.py] [sendStartSignal:154] [Name=MainThread] ======================================================================
[2025-11-24 11:21:18] [INFO] [sfis_presenter.py] [sendStartSignal:155] [Name=MainThread] CHECK TÍN HIỆU TRƯỚC KHI GỬI:
[2025-11-24 11:21:18] [INFO] [sfis_presenter.py] [sendStartSignal:156] [Name=MainThread]   Format: MO(20) + Panel(20) + NEEDPSN08(9) = 49 bytes
[2025-11-24 11:21:18] [INFO] [sfis_presenter.py] [sendStartSignal:157] [Name=MainThread]   MO: '2790004761' (padded to 20)
[2025-11-24 11:21:18] [INFO] [sfis_presenter.py] [sendStartSignal:158] [Name=MainThread]   Panel: '' (empty, 20 spaces)
[2025-11-24 11:21:18] [INFO] [sfis_presenter.py] [sendStartSignal:159] [Name=MainThread]   Keyword: 'NEEDPSN08' (9 bytes)
[2025-11-24 11:21:18] [INFO] [sfis_presenter.py] [sendStartSignal:160] [Name=MainThread]   Message Length: 49 bytes (expected: 49)
[2025-11-24 11:21:18] [INFO] [sfis_presenter.py] [sendStartSignal:161] [Name=MainThread]   Message Content: 2790004761                              NEEDPSN08
[2025-11-24 11:21:18] [INFO] [sfis_presenter.py] [sendStartSignal:162] [Name=MainThread]   Message HEX: 323739303030343736312020202020202020202020202020202020202020202020202020202020204e45454450534e3038
[2025-11-24 11:21:18] [INFO] [sfis_presenter.py] [sendStartSignal:163] [Name=MainThread] ======================================================================
[2025-11-24 11:21:19] [INFO] [sfis_presenter.py] [sendStartSignal:174] [Name=MainThread] Invoking SFIS worker to send START signal...
[2025-11-24 11:21:19] [INFO] [sfis_presenter.py] [sendStartSignal:185] [Name=MainThread] SFIS worker invoked successfully
[2025-11-24 11:21:19] [INFO] [main_presenter.py] [onStartClicked:163] [Name=MainThread] START signal sent to worker
[2025-11-24 11:21:27] [INFO] [main.py] [main:47] [Name=MainThread] Application closing...
[2025-11-24 11:21:27] [INFO] [main_presenter.py] [cleanup:265] [Name=MainThread] MainPresenter.cleanup() called
[2025-11-24 11:21:27] [INFO] [main_presenter.py] [cleanup:269] [Name=MainThread] Cleaning up sub-presenters...
[2025-11-24 11:21:27] [INFO] [sfis_presenter.py] [cleanup:316] [Name=MainThread] SFISPresenter.cleanup() called
[2025-11-24 11:21:27] [INFO] [sfis_worker.py] [disconnect:116] [Name=MainThread] Disconnecting from COM4...
[2025-11-24 11:21:27] [INFO] [sfis_worker.py] [disconnect:120] [Name=MainThread] ✓ Disconnected from COM4
[2025-11-24 11:21:27] [INFO] [sfis_presenter.py] [cleanup:325] [Name=MainThread] SFISPresenter cleanup completed
[2025-11-24 11:21:27] [INFO] [main_presenter.py] [cleanup:274] [Name=MainThread] Sub-presenters cleaned up
[2025-11-24 11:21:27] [INFO] [main_presenter.py] [cleanup:277] [Name=MainThread] MainPresenter cleanup completed
[2025-11-24 11:21:27] [INFO] [main.py] [main:49] [Name=MainThread] Cleanup completed
[2025-11-24 11:21:27] [INFO] [main.py] [main:50] [Name=MainThread] ======================================================================
[2025-11-24 11:21:27] [INFO] [main.py] [main:51] [Name=MainThread] Application exited successfully
[2025-11-24 11:21:27] [INFO] [main.py] [main:52] [Name=MainThread] ======================================================================
[2025-11-24 11:21:29] [INFO] [Logging.py] [__new__:115] [Name=MainThread] Logger initialized: Regilazi
[2025-11-24 11:21:29] [INFO] [Logging.py] [__new__:116] [Name=MainThread] Log file: logs\Regilazi_2025-11-24.log
[2025-11-24 11:21:29] [INFO] [Logging.py] [__new__:117] [Name=MainThread] ==========
[2025-11-24 11:21:29] [INFO] [main.py] [main:17] [Name=MainThread] ======================================================================
[2025-11-24 11:21:29] [INFO] [main.py] [main:18] [Name=MainThread] Khởi động ứng dụng Regilazi Laser Marking System...
[2025-11-24 11:21:29] [INFO] [main.py] [main:19] [Name=MainThread] ======================================================================
[2025-11-24 11:21:29] [INFO] [main.py] [main:22] [Name=MainThread] QApplication initialized
[2025-11-24 11:21:29] [INFO] [main.py] [main:26] [Name=MainThread] MainWindow created
[2025-11-24 11:21:29] [INFO] [main_presenter.py] [__init__:25] [Name=MainThread] MainPresenter.__init__ started
[2025-11-24 11:21:29] [INFO] [main_presenter.py] [__init__:30] [Name=MainThread] Initializing sub-presenters...
[2025-11-24 11:21:29] [INFO] [sfis_presenter.py] [__init__:24] [Name=MainThread] SFISPresenter.__init__ started
[2025-11-24 11:21:29] [INFO] [sfis_worker.py] [__init__:41] [Name=MainThread] SFISWorker initialized
[2025-11-24 11:21:29] [INFO] [sfis_presenter.py] [__init__:39] [Name=MainThread] SFIS thread started
[2025-11-24 11:21:29] [INFO] [sfis_presenter.py] [__init__:45] [Name=MainThread] SFISPresenter initialized successfully
[2025-11-24 11:21:29] [INFO] [main_presenter.py] [__init__:37] [Name=MainThread] Signals connected
[2025-11-24 11:21:29] [INFO] [main_presenter.py] [__init__:42] [Name=MainThread] MainPresenter initialized successfully
[2025-11-24 11:21:29] [INFO] [main.py] [main:30] [Name=MainThread] MainPresenter initialized
[2025-11-24 11:21:29] [INFO] [main_presenter.py] [initialize:102] [Name=MainThread] MainPresenter.initialize() called
[2025-11-24 11:21:29] [INFO] [main_presenter.py] [initialize:104] [Name=MainThread] System initialization completed
[2025-11-24 11:21:29] [INFO] [main.py] [main:37] [Name=MainThread] Application window shown - Ready for user interaction
[2025-11-24 11:21:29] [INFO] [main.py] [main:43] [Name=MainThread] Application event loop starting...
[2025-11-24 11:21:30] [INFO] [sfis_presenter.py] [connect:70] [Name=MainThread] Đang kết nối SFIS qua COM2...
[2025-11-24 11:21:30] [INFO] [sfis_worker.py] [connect:61] [Name=MainThread] Connecting to COM2...
[2025-11-24 11:21:30] [INFO] [sfis_worker.py] [connect:62] [Name=MainThread] Config: baudrate=9600, bytesize=8, parity=N, stopbits=1
[2025-11-24 11:21:30] [INFO] [sfis_worker.py] [connect:87] [Name=MainThread] Connected successfully to COM2
[2025-11-24 11:21:30] [INFO] [sfis_presenter.py] [connect:77] [Name=MainThread] Kết nối SFIS thành công: COM2
[2025-11-24 11:21:31] [INFO] [main_presenter.py] [onStartClicked:132] [Name=MainThread] ======================================================================
[2025-11-24 11:21:31] [INFO] [main_presenter.py] [onStartClicked:133] [Name=MainThread] START button clicked
[2025-11-24 11:21:31] [INFO] [main_presenter.py] [onStartClicked:154] [Name=MainThread] Sending START signal (MO from config.yaml)...
[2025-11-24 11:21:31] [INFO] [sfis_presenter.py] [sendStartSignal:154] [Name=MainThread] ======================================================================
[2025-11-24 11:21:31] [INFO] [sfis_presenter.py] [sendStartSignal:155] [Name=MainThread] CHECK TÍN HIỆU TRƯỚC KHI GỬI:
[2025-11-24 11:21:31] [INFO] [sfis_presenter.py] [sendStartSignal:156] [Name=MainThread]   Format: MO(20) + Panel(20) + NEEDPSN08(9) = 49 bytes
[2025-11-24 11:21:31] [INFO] [sfis_presenter.py] [sendStartSignal:157] [Name=MainThread]   MO: '2790004761' (padded to 20)
[2025-11-24 11:21:31] [INFO] [sfis_presenter.py] [sendStartSignal:158] [Name=MainThread]   Panel: '' (empty, 20 spaces)
[2025-11-24 11:21:31] [INFO] [sfis_presenter.py] [sendStartSignal:159] [Name=MainThread]   Keyword: 'NEEDPSN08' (9 bytes)
[2025-11-24 11:21:31] [INFO] [sfis_presenter.py] [sendStartSignal:160] [Name=MainThread]   Message Length: 49 bytes (expected: 49)
[2025-11-24 11:21:31] [INFO] [sfis_presenter.py] [sendStartSignal:161] [Name=MainThread]   Message Content: 2790004761                              NEEDPSN08
[2025-11-24 11:21:31] [INFO] [sfis_presenter.py] [sendStartSignal:162] [Name=MainThread]   Message HEX: 323739303030343736312020202020202020202020202020202020202020202020202020202020204e45454450534e3038
[2025-11-24 11:21:31] [INFO] [sfis_presenter.py] [sendStartSignal:163] [Name=MainThread] ======================================================================
[2025-11-24 11:21:31] [INFO] [sfis_presenter.py] [sendStartSignal:174] [Name=MainThread] Invoking SFIS worker to send START signal...
[2025-11-24 11:21:31] [INFO] [sfis_presenter.py] [sendStartSignal:185] [Name=MainThread] SFIS worker invoked successfully
[2025-11-24 11:21:31] [INFO] [main_presenter.py] [onStartClicked:163] [Name=MainThread] START signal sent to worker
[2025-11-24 11:21:37] [INFO] [main.py] [main:47] [Name=MainThread] Application closing...
[2025-11-24 11:21:37] [INFO] [main_presenter.py] [cleanup:265] [Name=MainThread] MainPresenter.cleanup() called
[2025-11-24 11:21:37] [INFO] [main_presenter.py] [cleanup:269] [Name=MainThread] Cleaning up sub-presenters...
[2025-11-24 11:21:37] [INFO] [sfis_presenter.py] [cleanup:316] [Name=MainThread] SFISPresenter.cleanup() called
[2025-11-24 11:21:37] [INFO] [sfis_worker.py] [disconnect:116] [Name=MainThread] Disconnecting from COM2...
[2025-11-24 11:21:37] [INFO] [sfis_worker.py] [disconnect:120] [Name=MainThread] ✓ Disconnected from COM2
[2025-11-24 11:21:37] [INFO] [sfis_presenter.py] [cleanup:325] [Name=MainThread] SFISPresenter cleanup completed
[2025-11-24 11:21:37] [INFO] [main_presenter.py] [cleanup:274] [Name=MainThread] Sub-presenters cleaned up
[2025-11-24 11:21:37] [INFO] [main_presenter.py] [cleanup:277] [Name=MainThread] MainPresenter cleanup completed
[2025-11-24 11:21:37] [INFO] [main.py] [main:49] [Name=MainThread] Cleanup completed
[2025-11-24 11:21:37] [INFO] [main.py] [main:50] [Name=MainThread] ======================================================================
[2025-11-24 11:21:37] [INFO] [main.py] [main:51] [Name=MainThread] Application exited successfully
[2025-11-24 11:21:37] [INFO] [main.py] [main:52] [Name=MainThread] ======================================================================
[2025-11-24 11:24:41] [INFO] [Logging.py] [__new__:115] [Name=MainThread] Logger initialized: Regilazi
[2025-11-24 11:24:41] [INFO] [Logging.py] [__new__:116] [Name=MainThread] Log file: logs\Regilazi_2025-11-24.log
[2025-11-24 11:24:41] [INFO] [Logging.py] [__new__:117] [Name=MainThread] ==========
[2025-11-24 11:24:41] [INFO] [main.py] [main:17] [Name=MainThread] ======================================================================
[2025-11-24 11:24:41] [INFO] [main.py] [main:18] [Name=MainThread] Khởi động ứng dụng Regilazi Laser Marking System...
[2025-11-24 11:24:41] [INFO] [main.py] [main:19] [Name=MainThread] ======================================================================
[2025-11-24 11:24:41] [INFO] [main.py] [main:22] [Name=MainThread] QApplication initialized
[2025-11-24 11:24:41] [INFO] [main.py] [main:26] [Name=MainThread] MainWindow created
[2025-11-24 11:24:41] [INFO] [main_presenter.py] [__init__:25] [Name=MainThread] MainPresenter.__init__ started
[2025-11-24 11:24:41] [INFO] [main_presenter.py] [__init__:30] [Name=MainThread] Initializing sub-presenters...
[2025-11-24 11:24:41] [INFO] [sfis_presenter.py] [__init__:24] [Name=MainThread] SFISPresenter.__init__ started
[2025-11-24 11:24:41] [INFO] [sfis_worker.py] [__init__:41] [Name=MainThread] SFISWorker initialized
[2025-11-24 11:24:41] [INFO] [sfis_presenter.py] [__init__:39] [Name=MainThread] SFIS thread started
[2025-11-24 11:24:41] [INFO] [sfis_presenter.py] [__init__:45] [Name=MainThread] SFISPresenter initialized successfully
[2025-11-24 11:24:41] [INFO] [main_presenter.py] [__init__:37] [Name=MainThread] Signals connected
[2025-11-24 11:24:41] [INFO] [main_presenter.py] [__init__:42] [Name=MainThread] MainPresenter initialized successfully
[2025-11-24 11:24:41] [INFO] [main.py] [main:30] [Name=MainThread] MainPresenter initialized
[2025-11-24 11:24:41] [INFO] [main_presenter.py] [initialize:102] [Name=MainThread] MainPresenter.initialize() called
[2025-11-24 11:24:41] [INFO] [main_presenter.py] [initialize:104] [Name=MainThread] System initialization completed
[2025-11-24 11:24:41] [INFO] [main.py] [main:37] [Name=MainThread] Application window shown - Ready for user interaction
[2025-11-24 11:24:41] [INFO] [main.py] [main:43] [Name=MainThread] Application event loop starting...
[2025-11-24 11:25:02] [INFO] [sfis_presenter.py] [connect:70] [Name=MainThread] Đang kết nối SFIS qua COM2...
[2025-11-24 11:25:02] [ERROR] [sfis_presenter.py] [connect:89] [Name=MainThread] Kết nối SFIS thất bại: COM2
[2025-11-24 11:25:02] [INFO] [sfis_presenter.py] [disconnect:100] [Name=MainThread] Đang ngắt kết nối SFIS...
[2025-11-24 11:25:02] [INFO] [sfis_presenter.py] [disconnect:114] [Name=MainThread] Ngắt kết nối SFIS thành công
[2025-11-24 11:25:04] [INFO] [sfis_presenter.py] [connect:70] [Name=MainThread] Đang kết nối SFIS qua COM2...
[2025-11-24 11:25:04] [ERROR] [sfis_presenter.py] [connect:89] [Name=MainThread] Kết nối SFIS thất bại: COM2
[2025-11-24 11:25:04] [INFO] [sfis_presenter.py] [disconnect:100] [Name=MainThread] Đang ngắt kết nối SFIS...
[2025-11-24 11:25:04] [INFO] [sfis_presenter.py] [disconnect:114] [Name=MainThread] Ngắt kết nối SFIS thành công
[2025-11-24 11:25:05] [INFO] [sfis_presenter.py] [connect:70] [Name=MainThread] Đang kết nối SFIS qua COM2...
[2025-11-24 11:25:05] [ERROR] [sfis_presenter.py] [connect:89] [Name=MainThread] Kết nối SFIS thất bại: COM2
[2025-11-24 11:25:05] [INFO] [sfis_presenter.py] [disconnect:100] [Name=MainThread] Đang ngắt kết nối SFIS...
[2025-11-24 11:25:05] [INFO] [sfis_presenter.py] [disconnect:114] [Name=MainThread] Ngắt kết nối SFIS thành công
[2025-11-24 11:25:06] [INFO] [sfis_presenter.py] [connect:70] [Name=MainThread] Đang kết nối SFIS qua COM2...
[2025-11-24 11:25:06] [ERROR] [sfis_presenter.py] [connect:89] [Name=MainThread] Kết nối SFIS thất bại: COM2
[2025-11-24 11:25:06] [INFO] [sfis_presenter.py] [disconnect:100] [Name=MainThread] Đang ngắt kết nối SFIS...
[2025-11-24 11:25:06] [INFO] [sfis_presenter.py] [disconnect:114] [Name=MainThread] Ngắt kết nối SFIS thành công
[2025-11-24 11:25:06] [INFO] [sfis_presenter.py] [connect:70] [Name=MainThread] Đang kết nối SFIS qua COM2...
[2025-11-24 11:25:06] [ERROR] [sfis_presenter.py] [connect:89] [Name=MainThread] Kết nối SFIS thất bại: COM2
[2025-11-24 11:25:06] [INFO] [sfis_presenter.py] [disconnect:100] [Name=MainThread] Đang ngắt kết nối SFIS...
[2025-11-24 11:25:06] [INFO] [sfis_presenter.py] [disconnect:114] [Name=MainThread] Ngắt kết nối SFIS thành công
[2025-11-24 11:25:07] [INFO] [sfis_presenter.py] [connect:70] [Name=MainThread] Đang kết nối SFIS qua COM2...
[2025-11-24 11:25:07] [ERROR] [sfis_presenter.py] [connect:89] [Name=MainThread] Kết nối SFIS thất bại: COM2
[2025-11-24 11:25:07] [INFO] [sfis_presenter.py] [disconnect:100] [Name=MainThread] Đang ngắt kết nối SFIS...
[2025-11-24 11:25:07] [INFO] [sfis_presenter.py] [disconnect:114] [Name=MainThread] Ngắt kết nối SFIS thành công
[2025-11-24 11:25:07] [INFO] [sfis_presenter.py] [connect:70] [Name=MainThread] Đang kết nối SFIS qua COM2...
[2025-11-24 11:25:07] [ERROR] [sfis_presenter.py] [connect:89] [Name=MainThread] Kết nối SFIS thất bại: COM2
[2025-11-24 11:25:07] [INFO] [sfis_presenter.py] [disconnect:100] [Name=MainThread] Đang ngắt kết nối SFIS...
[2025-11-24 11:25:07] [INFO] [sfis_presenter.py] [disconnect:114] [Name=MainThread] Ngắt kết nối SFIS thành công
[2025-11-24 11:25:07] [INFO] [sfis_presenter.py] [connect:70] [Name=MainThread] Đang kết nối SFIS qua COM2...
[2025-11-24 11:25:07] [ERROR] [sfis_presenter.py] [connect:89] [Name=MainThread] Kết nối SFIS thất bại: COM2
[2025-11-24 11:25:07] [INFO] [sfis_presenter.py] [disconnect:100] [Name=MainThread] Đang ngắt kết nối SFIS...
[2025-11-24 11:25:07] [INFO] [sfis_presenter.py] [disconnect:114] [Name=MainThread] Ngắt kết nối SFIS thành công
[2025-11-24 11:25:08] [INFO] [sfis_presenter.py] [connect:70] [Name=MainThread] Đang kết nối SFIS qua COM2...
[2025-11-24 11:25:08] [ERROR] [sfis_presenter.py] [connect:89] [Name=MainThread] Kết nối SFIS thất bại: COM2
[2025-11-24 11:25:08] [INFO] [sfis_presenter.py] [disconnect:100] [Name=MainThread] Đang ngắt kết nối SFIS...
[2025-11-24 11:25:08] [INFO] [sfis_presenter.py] [disconnect:114] [Name=MainThread] Ngắt kết nối SFIS thành công
[2025-11-24 11:25:08] [INFO] [sfis_presenter.py] [connect:70] [Name=MainThread] Đang kết nối SFIS qua COM2...
[2025-11-24 11:25:08] [ERROR] [sfis_presenter.py] [connect:89] [Name=MainThread] Kết nối SFIS thất bại: COM2
[2025-11-24 11:25:08] [INFO] [sfis_presenter.py] [disconnect:100] [Name=MainThread] Đang ngắt kết nối SFIS...
[2025-11-24 11:25:08] [INFO] [sfis_presenter.py] [disconnect:114] [Name=MainThread] Ngắt kết nối SFIS thành công
[2025-11-24 11:25:08] [INFO] [sfis_presenter.py] [connect:70] [Name=MainThread] Đang kết nối SFIS qua COM2...
[2025-11-24 11:25:08] [ERROR] [sfis_presenter.py] [connect:89] [Name=MainThread] Kết nối SFIS thất bại: COM2
[2025-11-24 11:25:08] [INFO] [sfis_presenter.py] [disconnect:100] [Name=MainThread] Đang ngắt kết nối SFIS...
[2025-11-24 11:25:08] [INFO] [sfis_presenter.py] [disconnect:114] [Name=MainThread] Ngắt kết nối SFIS thành công
[2025-11-24 11:25:09] [INFO] [sfis_presenter.py] [connect:70] [Name=MainThread] Đang kết nối SFIS qua COM2...
[2025-11-24 11:25:09] [ERROR] [sfis_presenter.py] [connect:89] [Name=MainThread] Kết nối SFIS thất bại: COM2
[2025-11-24 11:25:09] [INFO] [sfis_presenter.py] [disconnect:100] [Name=MainThread] Đang ngắt kết nối SFIS...
[2025-11-24 11:25:09] [INFO] [sfis_presenter.py] [disconnect:114] [Name=MainThread] Ngắt kết nối SFIS thành công
[2025-11-24 11:25:09] [INFO] [sfis_presenter.py] [connect:70] [Name=MainThread] Đang kết nối SFIS qua COM2...
[2025-11-24 11:25:09] [ERROR] [sfis_presenter.py] [connect:89] [Name=MainThread] Kết nối SFIS thất bại: COM2
[2025-11-24 11:25:09] [INFO] [sfis_presenter.py] [disconnect:100] [Name=MainThread] Đang ngắt kết nối SFIS...
[2025-11-24 11:25:09] [INFO] [sfis_presenter.py] [disconnect:114] [Name=MainThread] Ngắt kết nối SFIS thành công
[2025-11-24 11:25:09] [INFO] [sfis_presenter.py] [connect:70] [Name=MainThread] Đang kết nối SFIS qua COM2...
[2025-11-24 11:25:09] [ERROR] [sfis_presenter.py] [connect:89] [Name=MainThread] Kết nối SFIS thất bại: COM2
[2025-11-24 11:25:09] [INFO] [sfis_presenter.py] [disconnect:100] [Name=MainThread] Đang ngắt kết nối SFIS...
[2025-11-24 11:25:09] [INFO] [sfis_presenter.py] [disconnect:114] [Name=MainThread] Ngắt kết nối SFIS thành công
[2025-11-24 11:25:09] [INFO] [sfis_presenter.py] [connect:70] [Name=MainThread] Đang kết nối SFIS qua COM2...
[2025-11-24 11:25:09] [ERROR] [sfis_presenter.py] [connect:89] [Name=MainThread] Kết nối SFIS thất bại: COM2
[2025-11-24 11:25:09] [INFO] [sfis_presenter.py] [disconnect:100] [Name=MainThread] Đang ngắt kết nối SFIS...
[2025-11-24 11:25:09] [INFO] [sfis_presenter.py] [disconnect:114] [Name=MainThread] Ngắt kết nối SFIS thành công
[2025-11-24 11:25:09] [INFO] [sfis_presenter.py] [connect:70] [Name=MainThread] Đang kết nối SFIS qua COM2...
[2025-11-24 11:25:09] [ERROR] [sfis_presenter.py] [connect:89] [Name=MainThread] Kết nối SFIS thất bại: COM2
[2025-11-24 11:25:09] [INFO] [sfis_presenter.py] [disconnect:100] [Name=MainThread] Đang ngắt kết nối SFIS...
[2025-11-24 11:25:09] [INFO] [sfis_presenter.py] [disconnect:114] [Name=MainThread] Ngắt kết nối SFIS thành công
[2025-11-24 11:25:10] [INFO] [sfis_presenter.py] [connect:70] [Name=MainThread] Đang kết nối SFIS qua COM2...
[2025-11-24 11:25:10] [ERROR] [sfis_presenter.py] [connect:89] [Name=MainThread] Kết nối SFIS thất bại: COM2
[2025-11-24 11:25:10] [INFO] [sfis_presenter.py] [disconnect:100] [Name=MainThread] Đang ngắt kết nối SFIS...
[2025-11-24 11:25:10] [INFO] [sfis_presenter.py] [disconnect:114] [Name=MainThread] Ngắt kết nối SFIS thành công
[2025-11-24 11:25:10] [INFO] [sfis_presenter.py] [connect:70] [Name=MainThread] Đang kết nối SFIS qua COM2...
[2025-11-24 11:25:10] [ERROR] [sfis_presenter.py] [connect:89] [Name=MainThread] Kết nối SFIS thất bại: COM2
[2025-11-24 11:25:10] [INFO] [sfis_presenter.py] [disconnect:100] [Name=MainThread] Đang ngắt kết nối SFIS...
[2025-11-24 11:25:10] [INFO] [sfis_presenter.py] [disconnect:114] [Name=MainThread] Ngắt kết nối SFIS thành công
[2025-11-24 11:25:10] [INFO] [sfis_presenter.py] [connect:70] [Name=MainThread] Đang kết nối SFIS qua COM2...
[2025-11-24 11:25:10] [ERROR] [sfis_presenter.py] [connect:89] [Name=MainThread] Kết nối SFIS thất bại: COM2
[2025-11-24 11:25:10] [INFO] [sfis_presenter.py] [disconnect:100] [Name=MainThread] Đang ngắt kết nối SFIS...
[2025-11-24 11:25:10] [INFO] [sfis_presenter.py] [disconnect:114] [Name=MainThread] Ngắt kết nối SFIS thành công
[2025-11-24 11:25:10] [INFO] [sfis_presenter.py] [connect:70] [Name=MainThread] Đang kết nối SFIS qua COM2...
[2025-11-24 11:25:10] [ERROR] [sfis_presenter.py] [connect:89] [Name=MainThread] Kết nối SFIS thất bại: COM2
[2025-11-24 11:25:10] [INFO] [sfis_presenter.py] [disconnect:100] [Name=MainThread] Đang ngắt kết nối SFIS...
[2025-11-24 11:25:10] [INFO] [sfis_presenter.py] [disconnect:114] [Name=MainThread] Ngắt kết nối SFIS thành công
[2025-11-24 11:25:11] [INFO] [sfis_presenter.py] [connect:70] [Name=MainThread] Đang kết nối SFIS qua COM2...
[2025-11-24 11:25:11] [ERROR] [sfis_presenter.py] [connect:89] [Name=MainThread] Kết nối SFIS thất bại: COM2
[2025-11-24 11:25:11] [INFO] [sfis_presenter.py] [disconnect:100] [Name=MainThread] Đang ngắt kết nối SFIS...
[2025-11-24 11:25:11] [INFO] [sfis_presenter.py] [disconnect:114] [Name=MainThread] Ngắt kết nối SFIS thành công
[2025-11-24 11:25:16] [INFO] [main.py] [main:47] [Name=MainThread] Application closing...
[2025-11-24 11:25:16] [INFO] [main_presenter.py] [cleanup:294] [Name=MainThread] MainPresenter.cleanup() called
[2025-11-24 11:25:16] [INFO] [main_presenter.py] [cleanup:298] [Name=MainThread] Cleaning up sub-presenters...
[2025-11-24 11:25:16] [INFO] [sfis_presenter.py] [cleanup:354] [Name=MainThread] SFISPresenter.cleanup() called
[2025-11-24 11:25:16] [INFO] [sfis_presenter.py] [cleanup:363] [Name=MainThread] SFISPresenter cleanup completed
[2025-11-24 11:25:16] [INFO] [main_presenter.py] [cleanup:303] [Name=MainThread] Sub-presenters cleaned up
[2025-11-24 11:25:16] [INFO] [main_presenter.py] [cleanup:306] [Name=MainThread] MainPresenter cleanup completed
[2025-11-24 11:25:16] [INFO] [main.py] [main:49] [Name=MainThread] Cleanup completed
[2025-11-24 11:25:16] [INFO] [main.py] [main:50] [Name=MainThread] ======================================================================
[2025-11-24 11:25:16] [INFO] [main.py] [main:51] [Name=MainThread] Application exited successfully
[2025-11-24 11:25:16] [INFO] [main.py] [main:52] [Name=MainThread] ======================================================================
[2025-11-24 11:25:24] [INFO] [Logging.py] [__new__:115] [Name=MainThread] Logger initialized: Regilazi
[2025-11-24 11:25:24] [INFO] [Logging.py] [__new__:116] [Name=MainThread] Log file: logs\Regilazi_2025-11-24.log
[2025-11-24 11:25:24] [INFO] [Logging.py] [__new__:117] [Name=MainThread] ==========
[2025-11-24 11:25:24] [INFO] [main.py] [main:17] [Name=MainThread] ======================================================================
[2025-11-24 11:25:24] [INFO] [main.py] [main:18] [Name=MainThread] Khởi động ứng dụng Regilazi Laser Marking System...
[2025-11-24 11:25:24] [INFO] [main.py] [main:19] [Name=MainThread] ======================================================================
[2025-11-24 11:25:24] [INFO] [main.py] [main:22] [Name=MainThread] QApplication initialized
[2025-11-24 11:25:24] [INFO] [main.py] [main:26] [Name=MainThread] MainWindow created
[2025-11-24 11:25:24] [INFO] [main_presenter.py] [__init__:25] [Name=MainThread] MainPresenter.__init__ started
[2025-11-24 11:25:24] [INFO] [main_presenter.py] [__init__:30] [Name=MainThread] Initializing sub-presenters...
[2025-11-24 11:25:24] [INFO] [sfis_presenter.py] [__init__:24] [Name=MainThread] SFISPresenter.__init__ started
[2025-11-24 11:25:24] [INFO] [sfis_worker.py] [__init__:41] [Name=MainThread] SFISWorker initialized
[2025-11-24 11:25:24] [INFO] [sfis_presenter.py] [__init__:39] [Name=MainThread] SFIS thread started
[2025-11-24 11:25:24] [INFO] [sfis_presenter.py] [__init__:45] [Name=MainThread] SFISPresenter initialized successfully
[2025-11-24 11:25:24] [INFO] [main_presenter.py] [__init__:37] [Name=MainThread] Signals connected
[2025-11-24 11:25:24] [INFO] [main_presenter.py] [__init__:42] [Name=MainThread] MainPresenter initialized successfully
[2025-11-24 11:25:24] [INFO] [main.py] [main:30] [Name=MainThread] MainPresenter initialized
[2025-11-24 11:25:24] [INFO] [main_presenter.py] [initialize:102] [Name=MainThread] MainPresenter.initialize() called
[2025-11-24 11:25:25] [INFO] [main_presenter.py] [initialize:104] [Name=MainThread] System initialization completed
[2025-11-24 11:25:25] [INFO] [main.py] [main:37] [Name=MainThread] Application window shown - Ready for user interaction
[2025-11-24 11:25:25] [INFO] [main.py] [main:43] [Name=MainThread] Application event loop starting...
[2025-11-24 11:25:37] [INFO] [sfis_presenter.py] [connect:70] [Name=MainThread] Đang kết nối SFIS qua COM2...
[2025-11-24 11:25:37] [ERROR] [sfis_presenter.py] [connect:89] [Name=MainThread] Kết nối SFIS thất bại: COM2
[2025-11-24 11:25:37] [INFO] [sfis_presenter.py] [disconnect:100] [Name=MainThread] Đang ngắt kết nối SFIS...
[2025-11-24 11:25:37] [INFO] [sfis_presenter.py] [disconnect:114] [Name=MainThread] Ngắt kết nối SFIS thành công
[2025-11-24 11:25:40] [INFO] [sfis_presenter.py] [connect:70] [Name=MainThread] Đang kết nối SFIS qua COM2...
[2025-11-24 11:25:40] [ERROR] [sfis_presenter.py] [connect:89] [Name=MainThread] Kết nối SFIS thất bại: COM2
[2025-11-24 11:25:40] [INFO] [sfis_presenter.py] [disconnect:100] [Name=MainThread] Đang ngắt kết nối SFIS...
[2025-11-24 11:25:40] [INFO] [sfis_presenter.py] [disconnect:114] [Name=MainThread] Ngắt kết nối SFIS thành công
[2025-11-24 11:26:14] [INFO] [sfis_presenter.py] [connect:70] [Name=MainThread] Đang kết nối SFIS qua COM4...
[2025-11-24 11:26:14] [ERROR] [sfis_presenter.py] [connect:89] [Name=MainThread] Kết nối SFIS thất bại: COM4
[2025-11-24 11:26:14] [INFO] [sfis_presenter.py] [disconnect:100] [Name=MainThread] Đang ngắt kết nối SFIS...
[2025-11-24 11:26:14] [INFO] [sfis_presenter.py] [disconnect:114] [Name=MainThread] Ngắt kết nối SFIS thành công
[2025-11-24 11:26:15] [INFO] [sfis_presenter.py] [connect:70] [Name=MainThread] Đang kết nối SFIS qua COM4...
[2025-11-24 11:26:15] [ERROR] [sfis_presenter.py] [connect:89] [Name=MainThread] Kết nối SFIS thất bại: COM4
[2025-11-24 11:26:15] [INFO] [sfis_presenter.py] [disconnect:100] [Name=MainThread] Đang ngắt kết nối SFIS...
[2025-11-24 11:26:15] [INFO] [sfis_presenter.py] [disconnect:114] [Name=MainThread] Ngắt kết nối SFIS thành công
[2025-11-24 11:26:55] [INFO] [Logging.py] [__new__:115] [Name=MainThread] Logger initialized: Regilazi
[2025-11-24 11:26:55] [INFO] [Logging.py] [__new__:116] [Name=MainThread] Log file: logs\Regilazi_2025-11-24.log
[2025-11-24 11:26:55] [INFO] [Logging.py] [__new__:117] [Name=MainThread] ==========
[2025-11-24 11:26:55] [INFO] [main.py] [main:17] [Name=MainThread] ======================================================================
[2025-11-24 11:26:55] [INFO] [main.py] [main:18] [Name=MainThread] Khởi động ứng dụng Regilazi Laser Marking System...
[2025-11-24 11:26:55] [INFO] [main.py] [main:19] [Name=MainThread] ======================================================================
[2025-11-24 11:26:55] [INFO] [main.py] [main:22] [Name=MainThread] QApplication initialized
[2025-11-24 11:26:55] [INFO] [main.py] [main:26] [Name=MainThread] MainWindow created
[2025-11-24 11:26:55] [INFO] [main_presenter.py] [__init__:25] [Name=MainThread] MainPresenter.__init__ started
[2025-11-24 11:26:55] [INFO] [main_presenter.py] [__init__:30] [Name=MainThread] Initializing sub-presenters...
[2025-11-24 11:26:55] [INFO] [sfis_presenter.py] [__init__:24] [Name=MainThread] SFISPresenter.__init__ started
[2025-11-24 11:26:55] [INFO] [sfis_worker.py] [__init__:41] [Name=MainThread] SFISWorker initialized
[2025-11-24 11:26:55] [INFO] [sfis_presenter.py] [__init__:39] [Name=MainThread] SFIS thread started
[2025-11-24 11:26:55] [INFO] [sfis_presenter.py] [__init__:45] [Name=MainThread] SFISPresenter initialized successfully
[2025-11-24 11:26:55] [INFO] [main_presenter.py] [__init__:37] [Name=MainThread] Signals connected
[2025-11-24 11:26:55] [INFO] [main_presenter.py] [__init__:42] [Name=MainThread] MainPresenter initialized successfully
[2025-11-24 11:26:55] [INFO] [main.py] [main:30] [Name=MainThread] MainPresenter initialized
[2025-11-24 11:26:55] [INFO] [main_presenter.py] [initialize:102] [Name=MainThread] MainPresenter.initialize() called
[2025-11-24 11:26:55] [INFO] [main_presenter.py] [initialize:104] [Name=MainThread] System initialization completed
[2025-11-24 11:26:55] [INFO] [main.py] [main:37] [Name=MainThread] Application window shown - Ready for user interaction
[2025-11-24 11:26:55] [INFO] [main.py] [main:43] [Name=MainThread] Application event loop starting...
[2025-11-24 11:26:56] [INFO] [sfis_presenter.py] [connect:70] [Name=MainThread] Đang kết nối SFIS qua COM2...
[2025-11-24 11:26:56] [INFO] [sfis_worker.py] [connect:64] [Name=Dummy-1] Connecting to COM2...
[2025-11-24 11:26:56] [INFO] [sfis_worker.py] [connect:65] [Name=Dummy-1] Config: baudrate=9600, bytesize=8, parity=N, stopbits=1
[2025-11-24 11:26:56] [INFO] [sfis_worker.py] [connect:90] [Name=Dummy-1] Connected successfully to COM2
[2025-11-24 11:26:56] [INFO] [sfis_presenter.py] [connect:86] [Name=MainThread] Kết nối SFIS thành công: COM2
[2025-11-24 11:26:58] [INFO] [main_presenter.py] [onStartClicked:137] [Name=MainThread] ======================================================================
[2025-11-24 11:26:58] [INFO] [main_presenter.py] [onStartClicked:138] [Name=MainThread] MainPresenter.onStartClicked() - START button clicked
[2025-11-24 11:26:58] [INFO] [main_presenter.py] [onStartClicked:155] [Name=MainThread] SFIS connected on port: COM2
[2025-11-24 11:26:58] [INFO] [main_presenter.py] [onStartClicked:162] [Name=MainThread] Routing to SFISPresenter.sendStartSignal()...
[2025-11-24 11:26:58] [INFO] [sfis_presenter.py] [sendStartSignal:170] [Name=MainThread] ======================================================================
[2025-11-24 11:26:58] [INFO] [sfis_presenter.py] [sendStartSignal:171] [Name=MainThread] SFISPresenter.sendStartSignal() called
[2025-11-24 11:26:58] [INFO] [sfis_presenter.py] [sendStartSignal:180] [Name=MainThread] Step 1: Creating START message via SFISModel...
[2025-11-24 11:26:58] [INFO] [sfis_presenter.py] [sendStartSignal:192] [Name=MainThread] START Message created successfully:
[2025-11-24 11:26:58] [INFO] [sfis_presenter.py] [sendStartSignal:193] [Name=MainThread]   MO (from config): '2790004761'
[2025-11-24 11:26:58] [INFO] [sfis_presenter.py] [sendStartSignal:194] [Name=MainThread]   Format: MO(20) + Panel(20) + NEEDPSN08(9)
[2025-11-24 11:26:58] [INFO] [sfis_presenter.py] [sendStartSignal:195] [Name=MainThread]   Length: 49 bytes (expected: 49)
[2025-11-24 11:26:58] [INFO] [sfis_presenter.py] [sendStartSignal:196] [Name=MainThread]   Content (text): '2790004761                              NEEDPSN08'
[2025-11-24 11:26:58] [INFO] [sfis_presenter.py] [sendStartSignal:197] [Name=MainThread]   Content (HEX): 323739303030343736312020202020202020202020202020202020202020202020202020202020204e45454450534e3038
[2025-11-24 11:26:58] [INFO] [sfis_presenter.py] [sendStartSignal:198] [Name=MainThread] ======================================================================
[2025-11-24 11:26:58] [INFO] [sfis_presenter.py] [sendStartSignal:210] [Name=MainThread] Step 2: Invoking SFISWorker to send via COM port...
[2025-11-24 11:26:58] [INFO] [sfis_presenter.py] [sendStartSignal:221] [Name=MainThread] SFISWorker invoked successfully (fire and forget)
[2025-11-24 11:26:58] [INFO] [sfis_worker.py] [send_start_signal:203] [Name=Dummy-1] ======================================================================
[2025-11-24 11:26:58] [INFO] [sfis_presenter.py] [sendStartSignal:222] [Name=MainThread] Waiting for signal_sent callback...
[2025-11-24 11:26:58] [INFO] [sfis_worker.py] [send_start_signal:204] [Name=Dummy-1] send_start_signal() called
[2025-11-24 11:26:58] [INFO] [sfis_presenter.py] [sendStartSignal:223] [Name=MainThread] ======================================================================
[2025-11-24 11:26:58] [INFO] [sfis_worker.py] [send_start_signal:205] [Name=Dummy-1] Message: 2790004761                              NEEDPSN08
[2025-11-24 11:26:58] [INFO] [main_presenter.py] [onStartClicked:173] [Name=MainThread] START signal routing successful - waiting for worker callback
[2025-11-24 11:26:58] [INFO] [sfis_worker.py] [send_start_signal:206] [Name=Dummy-1] Length: 49 bytes
[2025-11-24 11:26:58] [INFO] [sfis_worker.py] [send_start_signal:207] [Name=Dummy-1] ======================================================================
[2025-11-24 11:26:58] [INFO] [sfis_worker.py] [send_data:155] [Name=Dummy-1] ======================================================================
[2025-11-24 11:26:58] [INFO] [sfis_worker.py] [send_data:156] [Name=Dummy-1] Sending data to SFIS...
[2025-11-24 11:26:58] [INFO] [sfis_worker.py] [send_data:157] [Name=Dummy-1] Port: COM2
[2025-11-24 11:26:58] [INFO] [sfis_worker.py] [send_data:158] [Name=Dummy-1] Data length: 49 bytes
[2025-11-24 11:26:58] [INFO] [sfis_worker.py] [send_data:159] [Name=Dummy-1] Data (text): 2790004761                              NEEDPSN08
[2025-11-24 11:26:58] [INFO] [sfis_worker.py] [send_data:160] [Name=Dummy-1] Data (HEX): 323739303030343736312020202020202020202020202020202020202020202020202020202020204e45454450534e3038
[2025-11-24 11:26:58] [INFO] [sfis_worker.py] [send_data:169] [Name=Dummy-1] ✓ Data sent successfully
[2025-11-24 11:26:58] [INFO] [sfis_worker.py] [send_data:170] [Name=Dummy-1]   Bytes written: 49/49
[2025-11-24 11:26:58] [INFO] [sfis_worker.py] [send_data:171] [Name=Dummy-1] ======================================================================
[2025-11-24 11:26:58] [INFO] [sfis_worker.py] [send_start_signal:214] [Name=Dummy-1] ✓ START signal sent successfully
[2025-11-24 11:26:58] [INFO] [sfis_presenter.py] [onStartSignalSent:343] [Name=MainThread] START signal sent successfully
[2025-11-24 11:26:58] [INFO] [main_presenter.py] [onStartSignalSent:256] [Name=MainThread] ======================================================================
[2025-11-24 11:26:58] [INFO] [main_presenter.py] [onStartSignalSent:257] [Name=MainThread] MainPresenter.onStartSignalSent() - Callback received
[2025-11-24 11:26:58] [INFO] [main_presenter.py] [onStartSignalSent:258] [Name=MainThread] Success: True
[2025-11-24 11:26:58] [INFO] [main_presenter.py] [onStartSignalSent:259] [Name=MainThread] Message: START signal sent successfully
[2025-11-24 11:26:58] [INFO] [main_presenter.py] [onStartSignalSent:262] [Name=MainThread] START signal sent successfully via COM port
[2025-11-24 11:26:58] [INFO] [main_presenter.py] [onStartSignalSent:270] [Name=MainThread] Next steps: Wait for SFIS response or continue process...
[2025-11-24 11:26:58] [INFO] [main_presenter.py] [onStartSignalSent:280] [Name=MainThread] System status reset - ready for next operation
[2025-11-24 11:26:58] [INFO] [main_presenter.py] [onStartSignalSent:281] [Name=MainThread] ======================================================================
