[2025-11-25 09:10:07] [INFO] [Logging.py] [__new__:115] [Name=MainThread] Logger initialized: Regilazi
[2025-11-25 09:10:07] [INFO] [Logging.py] [__new__:116] [Name=MainThread] Log file: logs\Regilazi_2025-11-25.log
[2025-11-25 09:10:07] [INFO] [Logging.py] [__new__:117] [Name=MainThread] ==========
[2025-11-25 09:10:13] [INFO] [Logging.py] [__new__:115] [Name=MainThread] Logger initialized: Regilazi
[2025-11-25 09:10:13] [INFO] [Logging.py] [__new__:116] [Name=MainThread] Log file: logs\Regilazi_2025-11-25.log
[2025-11-25 09:10:13] [INFO] [Logging.py] [__new__:117] [Name=MainThread] ==========
[2025-11-25 09:10:13] [INFO] [main.py] [main:17] [Name=MainThread] ======================================================================
[2025-11-25 09:10:13] [INFO] [main.py] [main:18] [Name=MainThread] Khởi động ứng dụng Regilazi Laser Marking System...
[2025-11-25 09:10:13] [INFO] [main.py] [main:19] [Name=MainThread] ======================================================================
[2025-11-25 09:10:13] [INFO] [main.py] [main:22] [Name=MainThread] QApplication initialized
[2025-11-25 09:10:13] [INFO] [main.py] [main:26] [Name=MainThread] MainWindow created
[2025-11-25 09:10:13] [INFO] [main_presenter.py] [__init__:25] [Name=MainThread] MainPresenter.__init__ started
[2025-11-25 09:10:13] [INFO] [main_presenter.py] [__init__:30] [Name=MainThread] Initializing sub-presenters...
[2025-11-25 09:10:13] [INFO] [sfis_presenter.py] [__init__:24] [Name=MainThread] SFISPresenter.__init__ started
[2025-11-25 09:10:13] [INFO] [config.py] [_load:44] [Name=MainThread] Config loaded successfully from config.yaml
[2025-11-25 09:10:13] [INFO] [sfis_worker.py] [__init__:37] [Name=MainThread] SFISWorker initialized
[2025-11-25 09:10:13] [INFO] [sfis_presenter.py] [__init__:39] [Name=MainThread] SFIS thread started
[2025-11-25 09:10:13] [INFO] [sfis_presenter.py] [__init__:45] [Name=MainThread] SFISPresenter initialized successfully
[2025-11-25 09:10:13] [INFO] [main_presenter.py] [__init__:37] [Name=MainThread] Signals connected
[2025-11-25 09:10:13] [INFO] [main_presenter.py] [__init__:42] [Name=MainThread] MainPresenter initialized successfully
[2025-11-25 09:10:13] [INFO] [main.py] [main:30] [Name=MainThread] MainPresenter initialized
[2025-11-25 09:10:13] [INFO] [main_presenter.py] [initialize:102] [Name=MainThread] MainPresenter.initialize() called
[2025-11-25 09:10:13] [INFO] [main_presenter.py] [initialize:104] [Name=MainThread] System initialization completed
[2025-11-25 09:10:13] [INFO] [main.py] [main:37] [Name=MainThread] Application window shown - Ready for user interaction
[2025-11-25 09:10:13] [INFO] [main.py] [main:43] [Name=MainThread] Application event loop starting...
[2025-11-25 09:10:15] [INFO] [sfis_presenter.py] [connect:70] [Name=MainThread] Đang kết nối SFIS qua COM2...
[2025-11-25 09:10:15] [INFO] [sfis_worker.py] [connect:50] [Name=Dummy-2] Connecting to COM2...
[2025-11-25 09:10:15] [INFO] [sfis_worker.py] [connect:51] [Name=Dummy-2] Config: baudrate=9600, bytesize=8, parity=N, stopbits=1
[2025-11-25 09:10:15] [INFO] [sfis_worker.py] [connect:76] [Name=Dummy-2] Connected successfully to COM2
[2025-11-25 09:10:15] [INFO] [sfis_presenter.py] [connect:86] [Name=MainThread] Kết nối SFIS thành công: COM2
[2025-11-25 09:10:16] [INFO] [main_presenter.py] [onStartClicked:128] [Name=MainThread] MainPresenter.onStartClicked() - START button clicked
[2025-11-25 09:10:16] [INFO] [main_presenter.py] [onStartClicked:143] [Name=MainThread] SFIS connected on port: COM2
[2025-11-25 09:10:16] [INFO] [main_presenter.py] [onStartClicked:149] [Name=MainThread] Routing to SFISPresenter.sendStartSignal()...
[2025-11-25 09:10:16] [INFO] [sfis_presenter.py] [sendStartSignal:156] [Name=MainThread] ====================
[2025-11-25 09:10:16] [INFO] [sfis_presenter.py] [sendStartSignal:157] [Name=MainThread] SFISPresenter.sendStartSignal() called
[2025-11-25 09:10:16] [INFO] [sfis_presenter.py] [sendStartSignal:171] [Name=MainThread] Step 1: Creating START message via SFISModel...
[2025-11-25 09:10:16] [INFO] [sfis_presenter.py] [sendStartSignal:179] [Name=MainThread] START Message created successfully:
[2025-11-25 09:10:16] [INFO] [sfis_presenter.py] [sendStartSignal:180] [Name=MainThread]   Data sent: 2790004761                              NEEDPSN05
[2025-11-25 09:10:16] [INFO] [sfis_presenter.py] [sendStartSignal:181] [Name=MainThread]   Length: 49 bytes (expected: 49)
[2025-11-25 09:10:16] [INFO] [sfis_presenter.py] [sendStartSignal:182] [Name=MainThread] ====================
[2025-11-25 09:10:16] [INFO] [sfis_presenter.py] [sendStartSignal:191] [Name=MainThread] Step 2: Invoking SFISWorker to send via COM port...
[2025-11-25 09:10:16] [INFO] [sfis_presenter.py] [sendStartSignal:202] [Name=MainThread] SFISWorker invoked successfully (fire and forget)
[2025-11-25 09:10:16] [INFO] [sfis_worker.py] [send_start_signal:171] [Name=Dummy-2] ======================================================================
[2025-11-25 09:10:16] [INFO] [sfis_presenter.py] [sendStartSignal:203] [Name=MainThread] Waiting for signal_sent callback...
[2025-11-25 09:10:16] [INFO] [sfis_worker.py] [send_start_signal:172] [Name=Dummy-2] send_start_signal() called
[2025-11-25 09:10:16] [INFO] [sfis_presenter.py] [sendStartSignal:204] [Name=MainThread] ======================================================================
[2025-11-25 09:10:16] [INFO] [sfis_worker.py] [send_start_signal:173] [Name=Dummy-2] Message: 2790004761                              NEEDPSN05
[2025-11-25 09:10:16] [INFO] [main_presenter.py] [onStartClicked:160] [Name=MainThread] START signal routing successful - waiting for worker callback
[2025-11-25 09:10:16] [INFO] [sfis_worker.py] [send_start_signal:174] [Name=Dummy-2] Length: 49 bytes
[2025-11-25 09:10:16] [INFO] [sfis_worker.py] [send_start_signal:175] [Name=Dummy-2] ======================================================================
[2025-11-25 09:10:16] [INFO] [sfis_worker.py] [send_data:128] [Name=Dummy-2] ======================================================================
[2025-11-25 09:10:16] [INFO] [sfis_worker.py] [send_data:129] [Name=Dummy-2] Sending data to SFIS...
[2025-11-25 09:10:16] [INFO] [sfis_worker.py] [send_data:130] [Name=Dummy-2] Port: COM2
[2025-11-25 09:10:16] [INFO] [sfis_worker.py] [send_data:131] [Name=Dummy-2] Data length: 49 bytes
[2025-11-25 09:10:16] [INFO] [sfis_worker.py] [send_data:132] [Name=Dummy-2] Data (text): 2790004761                              NEEDPSN05
[2025-11-25 09:10:16] [INFO] [sfis_worker.py] [send_data:133] [Name=Dummy-2] Data (HEX): 323739303030343736312020202020202020202020202020202020202020202020202020202020204e45454450534e3035
[2025-11-25 09:10:16] [INFO] [sfis_worker.py] [send_data:142] [Name=Dummy-2] ✓ Data sent successfully
[2025-11-25 09:10:16] [INFO] [sfis_worker.py] [send_data:143] [Name=Dummy-2]   Bytes written: 49/49
[2025-11-25 09:10:16] [INFO] [sfis_worker.py] [send_data:144] [Name=Dummy-2] ======================================================================
[2025-11-25 09:10:16] [INFO] [sfis_worker.py] [send_start_signal:182] [Name=Dummy-2] ✓ START signal sent successfully
[2025-11-25 09:10:16] [INFO] [sfis_presenter.py] [onStartSignalSent:324] [Name=MainThread] START signal sent successfully
[2025-11-25 09:10:16] [INFO] [main_presenter.py] [onStartSignalSent:225] [Name=MainThread] MainPresenter.onStartSignalSent() - Callback received
[2025-11-25 09:10:16] [INFO] [main_presenter.py] [onStartSignalSent:226] [Name=MainThread] Success: True
[2025-11-25 09:10:16] [INFO] [main_presenter.py] [onStartSignalSent:227] [Name=MainThread] Message: START signal sent successfully
[2025-11-25 09:10:16] [INFO] [main_presenter.py] [onStartSignalSent:230] [Name=MainThread] START signal sent successfully via COM port
[2025-11-25 09:10:16] [INFO] [main_presenter.py] [onStartSignalSent:236] [Name=MainThread] Next steps: Wait for SFIS response or continue process...
[2025-11-25 09:10:16] [INFO] [main_presenter.py] [onStartSignalSent:246] [Name=MainThread] System status reset - ready for next operation
[2025-11-25 09:10:16] [INFO] [main_presenter.py] [onStartSignalSent:247] [Name=MainThread] ======================================================================
[2025-11-25 09:10:17] [INFO] [main_presenter.py] [onStartClicked:128] [Name=MainThread] MainPresenter.onStartClicked() - START button clicked
[2025-11-25 09:10:17] [INFO] [main_presenter.py] [onStartClicked:143] [Name=MainThread] SFIS connected on port: COM2
[2025-11-25 09:10:17] [INFO] [main_presenter.py] [onStartClicked:149] [Name=MainThread] Routing to SFISPresenter.sendStartSignal()...
[2025-11-25 09:10:17] [INFO] [sfis_presenter.py] [sendStartSignal:156] [Name=MainThread] ====================
[2025-11-25 09:10:17] [INFO] [sfis_presenter.py] [sendStartSignal:157] [Name=MainThread] SFISPresenter.sendStartSignal() called
[2025-11-25 09:10:17] [INFO] [sfis_presenter.py] [sendStartSignal:171] [Name=MainThread] Step 1: Creating START message via SFISModel...
[2025-11-25 09:10:17] [INFO] [sfis_presenter.py] [sendStartSignal:179] [Name=MainThread] START Message created successfully:
[2025-11-25 09:10:17] [INFO] [sfis_presenter.py] [sendStartSignal:180] [Name=MainThread]   Data sent: 2790004761                              NEEDPSN05
[2025-11-25 09:10:17] [INFO] [sfis_presenter.py] [sendStartSignal:181] [Name=MainThread]   Length: 49 bytes (expected: 49)
[2025-11-25 09:10:17] [INFO] [sfis_presenter.py] [sendStartSignal:182] [Name=MainThread] ====================
[2025-11-25 09:10:17] [INFO] [sfis_presenter.py] [sendStartSignal:191] [Name=MainThread] Step 2: Invoking SFISWorker to send via COM port...
[2025-11-25 09:10:17] [INFO] [sfis_presenter.py] [sendStartSignal:202] [Name=MainThread] SFISWorker invoked successfully (fire and forget)
[2025-11-25 09:10:17] [INFO] [sfis_presenter.py] [sendStartSignal:203] [Name=MainThread] Waiting for signal_sent callback...
[2025-11-25 09:10:17] [INFO] [sfis_worker.py] [send_start_signal:171] [Name=Dummy-2] ======================================================================
[2025-11-25 09:10:17] [INFO] [sfis_presenter.py] [sendStartSignal:204] [Name=MainThread] ======================================================================
[2025-11-25 09:10:17] [INFO] [sfis_worker.py] [send_start_signal:172] [Name=Dummy-2] send_start_signal() called
[2025-11-25 09:10:17] [INFO] [main_presenter.py] [onStartClicked:160] [Name=MainThread] START signal routing successful - waiting for worker callback
[2025-11-25 09:10:17] [INFO] [sfis_worker.py] [send_start_signal:173] [Name=Dummy-2] Message: 2790004761                              NEEDPSN05
[2025-11-25 09:10:17] [INFO] [sfis_worker.py] [send_start_signal:174] [Name=Dummy-2] Length: 49 bytes
[2025-11-25 09:10:17] [INFO] [sfis_worker.py] [send_start_signal:175] [Name=Dummy-2] ======================================================================
[2025-11-25 09:10:17] [INFO] [sfis_worker.py] [send_data:128] [Name=Dummy-2] ======================================================================
[2025-11-25 09:10:17] [INFO] [sfis_worker.py] [send_data:129] [Name=Dummy-2] Sending data to SFIS...
[2025-11-25 09:10:17] [INFO] [sfis_worker.py] [send_data:130] [Name=Dummy-2] Port: COM2
[2025-11-25 09:10:17] [INFO] [sfis_worker.py] [send_data:131] [Name=Dummy-2] Data length: 49 bytes
[2025-11-25 09:10:17] [INFO] [sfis_worker.py] [send_data:132] [Name=Dummy-2] Data (text): 2790004761                              NEEDPSN05
[2025-11-25 09:10:17] [INFO] [sfis_worker.py] [send_data:133] [Name=Dummy-2] Data (HEX): 323739303030343736312020202020202020202020202020202020202020202020202020202020204e45454450534e3035
[2025-11-25 09:10:17] [INFO] [sfis_worker.py] [send_data:142] [Name=Dummy-2] ✓ Data sent successfully
[2025-11-25 09:10:17] [INFO] [sfis_worker.py] [send_data:143] [Name=Dummy-2]   Bytes written: 49/49
[2025-11-25 09:10:17] [INFO] [sfis_worker.py] [send_data:144] [Name=Dummy-2] ======================================================================
[2025-11-25 09:10:17] [INFO] [sfis_worker.py] [send_start_signal:182] [Name=Dummy-2] ✓ START signal sent successfully
[2025-11-25 09:10:17] [INFO] [sfis_presenter.py] [onStartSignalSent:324] [Name=MainThread] START signal sent successfully
[2025-11-25 09:10:17] [INFO] [main_presenter.py] [onStartSignalSent:225] [Name=MainThread] MainPresenter.onStartSignalSent() - Callback received
[2025-11-25 09:10:17] [INFO] [main_presenter.py] [onStartSignalSent:226] [Name=MainThread] Success: True
[2025-11-25 09:10:17] [INFO] [main_presenter.py] [onStartSignalSent:227] [Name=MainThread] Message: START signal sent successfully
[2025-11-25 09:10:17] [INFO] [main_presenter.py] [onStartSignalSent:230] [Name=MainThread] START signal sent successfully via COM port
[2025-11-25 09:10:17] [INFO] [main_presenter.py] [onStartSignalSent:236] [Name=MainThread] Next steps: Wait for SFIS response or continue process...
[2025-11-25 09:10:17] [INFO] [main_presenter.py] [onStartSignalSent:246] [Name=MainThread] System status reset - ready for next operation
[2025-11-25 09:10:17] [INFO] [main_presenter.py] [onStartSignalSent:247] [Name=MainThread] ======================================================================
[2025-11-25 09:10:19] [INFO] [main.py] [main:47] [Name=MainThread] Application closing...
[2025-11-25 09:10:19] [INFO] [main_presenter.py] [cleanup:261] [Name=MainThread] Cleaning up sub-presenters...
[2025-11-25 09:10:19] [INFO] [sfis_presenter.py] [cleanup:335] [Name=MainThread] SFISPresenter.cleanup() called
[2025-11-25 09:10:19] [INFO] [sfis_worker.py] [disconnect:101] [Name=MainThread] Disconnecting from COM2...
[2025-11-25 09:10:19] [INFO] [sfis_worker.py] [disconnect:105] [Name=MainThread] ✓ Disconnected from COM2
[2025-11-25 09:10:19] [INFO] [sfis_presenter.py] [cleanup:344] [Name=MainThread] SFISPresenter cleanup completed
[2025-11-25 09:10:19] [INFO] [main_presenter.py] [cleanup:267] [Name=MainThread] MainPresenter cleanup completed
[2025-11-25 09:10:19] [INFO] [main.py] [main:49] [Name=MainThread] Cleanup completed
[2025-11-25 09:10:19] [INFO] [main.py] [main:50] [Name=MainThread] ======================================================================
[2025-11-25 09:10:19] [INFO] [main.py] [main:51] [Name=MainThread] Application exited successfully
[2025-11-25 09:10:19] [INFO] [main.py] [main:52] [Name=MainThread] ======================================================================
[2025-11-25 09:22:58] [INFO] [Logging.py] [__new__:115] [Name=MainThread] Logger initialized: Regilazi
[2025-11-25 09:22:58] [INFO] [Logging.py] [__new__:116] [Name=MainThread] Log file: logs\Regilazi_2025-11-25.log
[2025-11-25 09:22:58] [INFO] [Logging.py] [__new__:117] [Name=MainThread] ==========
[2025-11-25 09:22:58] [INFO] [main.py] [main:17] [Name=MainThread] ======================================================================
[2025-11-25 09:22:58] [INFO] [main.py] [main:18] [Name=MainThread] Khởi động ứng dụng Regilazi Laser Marking System...
[2025-11-25 09:22:58] [INFO] [main.py] [main:19] [Name=MainThread] ======================================================================
[2025-11-25 09:22:58] [INFO] [main.py] [main:22] [Name=MainThread] QApplication initialized
[2025-11-25 09:22:58] [INFO] [main.py] [main:26] [Name=MainThread] MainWindow created
[2025-11-25 09:22:58] [INFO] [main_presenter.py] [__init__:25] [Name=MainThread] MainPresenter.__init__ started
[2025-11-25 09:22:58] [INFO] [main_presenter.py] [__init__:30] [Name=MainThread] Initializing sub-presenters...
[2025-11-25 09:22:58] [INFO] [sfis_presenter.py] [__init__:24] [Name=MainThread] SFISPresenter.__init__ started
[2025-11-25 09:22:58] [INFO] [config.py] [_load:44] [Name=MainThread] Config loaded successfully from config.yaml
[2025-11-25 09:22:58] [INFO] [sfis_worker.py] [__init__:37] [Name=MainThread] SFISWorker initialized
[2025-11-25 09:22:58] [INFO] [sfis_presenter.py] [__init__:39] [Name=MainThread] SFIS thread started
[2025-11-25 09:22:58] [INFO] [sfis_presenter.py] [__init__:45] [Name=MainThread] SFISPresenter initialized successfully
[2025-11-25 09:22:58] [INFO] [main_presenter.py] [__init__:37] [Name=MainThread] Signals connected
[2025-11-25 09:22:58] [INFO] [main_presenter.py] [__init__:42] [Name=MainThread] MainPresenter initialized successfully
[2025-11-25 09:22:58] [INFO] [main.py] [main:30] [Name=MainThread] MainPresenter initialized
[2025-11-25 09:22:58] [INFO] [main_presenter.py] [initialize:102] [Name=MainThread] MainPresenter.initialize() called
[2025-11-25 09:22:58] [INFO] [main_presenter.py] [initialize:104] [Name=MainThread] System initialization completed
[2025-11-25 09:22:58] [INFO] [main.py] [main:37] [Name=MainThread] Application window shown - Ready for user interaction
[2025-11-25 09:22:58] [INFO] [main.py] [main:43] [Name=MainThread] Application event loop starting...
[2025-11-25 09:23:00] [INFO] [main_presenter.py] [onStartClicked:122] [Name=MainThread] MainPresenter.onStartClicked() - START button clicked
[2025-11-25 09:23:00] [ERROR] [main_presenter.py] [onStartClicked:133] [Name=MainThread] SFIS not connected - cannot send START signal
[2025-11-25 09:23:04] [INFO] [main.py] [main:47] [Name=MainThread] Application closing...
[2025-11-25 09:23:04] [INFO] [main_presenter.py] [cleanup:255] [Name=MainThread] Cleaning up sub-presenters...
[2025-11-25 09:23:04] [INFO] [sfis_presenter.py] [cleanup:308] [Name=MainThread] SFISPresenter.cleanup() called
[2025-11-25 09:23:04] [INFO] [sfis_presenter.py] [cleanup:317] [Name=MainThread] SFISPresenter cleanup completed
[2025-11-25 09:23:04] [INFO] [main_presenter.py] [cleanup:261] [Name=MainThread] MainPresenter cleanup completed
[2025-11-25 09:23:04] [INFO] [main.py] [main:49] [Name=MainThread] Cleanup completed
[2025-11-25 09:23:04] [INFO] [main.py] [main:50] [Name=MainThread] ======================================================================
[2025-11-25 09:23:04] [INFO] [main.py] [main:51] [Name=MainThread] Application exited successfully
[2025-11-25 09:23:04] [INFO] [main.py] [main:52] [Name=MainThread] ======================================================================
[2025-11-25 09:33:57] [INFO] [Logging.py] [__new__:115] [Name=MainThread] Logger initialized: Regilazi
[2025-11-25 09:33:57] [INFO] [Logging.py] [__new__:116] [Name=MainThread] Log file: logs\Regilazi_2025-11-25.log
[2025-11-25 09:33:57] [INFO] [Logging.py] [__new__:117] [Name=MainThread] ==========
[2025-11-25 09:33:57] [INFO] [config.py] [_load:44] [Name=MainThread] Config loaded successfully from config.yaml
